<?xml version="1.0" encoding="utf-8"?><testsuites name="pytest tests"><testsuite name="pytest" errors="23" failures="5" skipped="0" tests="39" time="11.256" timestamp="2025-08-28T22:36:54.373458-05:00" hostname="MikisBell"><testcase classname="" name="tests.catalogos.test_catalogos_service" time="0.000"><error message="collection failure">../.cache/pypoetry/virtualenvs/ges-neu-api-RMyv8SgT-py3.12/lib/python3.12/site-packages/sqlalchemy/orm/relationships.py:2434: in _determine_joins
    self.primaryjoin = join_condition(
../.cache/pypoetry/virtualenvs/ges-neu-api-RMyv8SgT-py3.12/lib/python3.12/site-packages/sqlalchemy/sql/util.py:121: in join_condition
    return Join._join_condition(
../.cache/pypoetry/virtualenvs/ges-neu-api-RMyv8SgT-py3.12/lib/python3.12/site-packages/sqlalchemy/sql/selectable.py:1444: in _join_condition
    raise exc.NoForeignKeysError(
E   sqlalchemy.exc.NoForeignKeysError: Can't find any foreign key relationships between 'usuarios' and 'almacenes'.

The above exception was the direct cause of the following exception:
tests/catalogos/test_catalogos_service.py:18: in &lt;module&gt;
    TEST_ADMIN_USER = Usuario(
&lt;string&gt;:4: in __init__
    ???
../.cache/pypoetry/virtualenvs/ges-neu-api-RMyv8SgT-py3.12/lib/python3.12/site-packages/sqlalchemy/orm/state.py:566: in _initialize_instance
    manager.dispatch.init(self, args, kwargs)
../.cache/pypoetry/virtualenvs/ges-neu-api-RMyv8SgT-py3.12/lib/python3.12/site-packages/sqlalchemy/event/attr.py:497: in __call__
    fn(*args, **kw)
../.cache/pypoetry/virtualenvs/ges-neu-api-RMyv8SgT-py3.12/lib/python3.12/site-packages/sqlalchemy/orm/mapper.py:4410: in _event_on_init
    instrumenting_mapper._check_configure()
../.cache/pypoetry/virtualenvs/ges-neu-api-RMyv8SgT-py3.12/lib/python3.12/site-packages/sqlalchemy/orm/mapper.py:2401: in _check_configure
    _configure_registries({self.registry}, cascade=True)
../.cache/pypoetry/virtualenvs/ges-neu-api-RMyv8SgT-py3.12/lib/python3.12/site-packages/sqlalchemy/orm/mapper.py:4218: in _configure_registries
    _do_configure_registries(registries, cascade)
../.cache/pypoetry/virtualenvs/ges-neu-api-RMyv8SgT-py3.12/lib/python3.12/site-packages/sqlalchemy/orm/mapper.py:4259: in _do_configure_registries
    mapper._post_configure_properties()
../.cache/pypoetry/virtualenvs/ges-neu-api-RMyv8SgT-py3.12/lib/python3.12/site-packages/sqlalchemy/orm/mapper.py:2418: in _post_configure_properties
    prop.init()
../.cache/pypoetry/virtualenvs/ges-neu-api-RMyv8SgT-py3.12/lib/python3.12/site-packages/sqlalchemy/orm/interfaces.py:595: in init
    self.do_init()
../.cache/pypoetry/virtualenvs/ges-neu-api-RMyv8SgT-py3.12/lib/python3.12/site-packages/sqlalchemy/orm/relationships.py:1657: in do_init
    self._setup_join_conditions()
../.cache/pypoetry/virtualenvs/ges-neu-api-RMyv8SgT-py3.12/lib/python3.12/site-packages/sqlalchemy/orm/relationships.py:1895: in _setup_join_conditions
    self._join_condition = jc = JoinCondition(
../.cache/pypoetry/virtualenvs/ges-neu-api-RMyv8SgT-py3.12/lib/python3.12/site-packages/sqlalchemy/orm/relationships.py:2321: in __init__
    self._determine_joins()
../.cache/pypoetry/virtualenvs/ges-neu-api-RMyv8SgT-py3.12/lib/python3.12/site-packages/sqlalchemy/orm/relationships.py:2455: in _determine_joins
    raise sa_exc.NoForeignKeysError(
E   sqlalchemy.exc.NoForeignKeysError: Could not determine join condition between parent/child tables on relationship Usuario.almacenes_actualizados - there are no foreign keys linking these tables.  Ensure that referencing columns are associated with a ForeignKey or ForeignKeyConstraint, or specify a 'primaryjoin' expression.</error><error message="collection failure">../.cache/pypoetry/virtualenvs/ges-neu-api-RMyv8SgT-py3.12/lib/python3.12/site-packages/sqlalchemy/orm/relationships.py:2434: in _determine_joins
    self.primaryjoin = join_condition(
../.cache/pypoetry/virtualenvs/ges-neu-api-RMyv8SgT-py3.12/lib/python3.12/site-packages/sqlalchemy/sql/util.py:121: in join_condition
    return Join._join_condition(
../.cache/pypoetry/virtualenvs/ges-neu-api-RMyv8SgT-py3.12/lib/python3.12/site-packages/sqlalchemy/sql/selectable.py:1444: in _join_condition
    raise exc.NoForeignKeysError(
E   sqlalchemy.exc.NoForeignKeysError: Can't find any foreign key relationships between 'usuarios' and 'almacenes'.

The above exception was the direct cause of the following exception:
tests/catalogos/test_catalogos_service.py:18: in &lt;module&gt;
    TEST_ADMIN_USER = Usuario(
&lt;string&gt;:4: in __init__
    ???
../.cache/pypoetry/virtualenvs/ges-neu-api-RMyv8SgT-py3.12/lib/python3.12/site-packages/sqlalchemy/orm/state.py:566: in _initialize_instance
    manager.dispatch.init(self, args, kwargs)
../.cache/pypoetry/virtualenvs/ges-neu-api-RMyv8SgT-py3.12/lib/python3.12/site-packages/sqlalchemy/event/attr.py:497: in __call__
    fn(*args, **kw)
../.cache/pypoetry/virtualenvs/ges-neu-api-RMyv8SgT-py3.12/lib/python3.12/site-packages/sqlalchemy/orm/mapper.py:4410: in _event_on_init
    instrumenting_mapper._check_configure()
../.cache/pypoetry/virtualenvs/ges-neu-api-RMyv8SgT-py3.12/lib/python3.12/site-packages/sqlalchemy/orm/mapper.py:2401: in _check_configure
    _configure_registries({self.registry}, cascade=True)
../.cache/pypoetry/virtualenvs/ges-neu-api-RMyv8SgT-py3.12/lib/python3.12/site-packages/sqlalchemy/orm/mapper.py:4218: in _configure_registries
    _do_configure_registries(registries, cascade)
../.cache/pypoetry/virtualenvs/ges-neu-api-RMyv8SgT-py3.12/lib/python3.12/site-packages/sqlalchemy/orm/mapper.py:4259: in _do_configure_registries
    mapper._post_configure_properties()
../.cache/pypoetry/virtualenvs/ges-neu-api-RMyv8SgT-py3.12/lib/python3.12/site-packages/sqlalchemy/orm/mapper.py:2418: in _post_configure_properties
    prop.init()
../.cache/pypoetry/virtualenvs/ges-neu-api-RMyv8SgT-py3.12/lib/python3.12/site-packages/sqlalchemy/orm/interfaces.py:595: in init
    self.do_init()
../.cache/pypoetry/virtualenvs/ges-neu-api-RMyv8SgT-py3.12/lib/python3.12/site-packages/sqlalchemy/orm/relationships.py:1657: in do_init
    self._setup_join_conditions()
../.cache/pypoetry/virtualenvs/ges-neu-api-RMyv8SgT-py3.12/lib/python3.12/site-packages/sqlalchemy/orm/relationships.py:1895: in _setup_join_conditions
    self._join_condition = jc = JoinCondition(
../.cache/pypoetry/virtualenvs/ges-neu-api-RMyv8SgT-py3.12/lib/python3.12/site-packages/sqlalchemy/orm/relationships.py:2321: in __init__
    self._determine_joins()
../.cache/pypoetry/virtualenvs/ges-neu-api-RMyv8SgT-py3.12/lib/python3.12/site-packages/sqlalchemy/orm/relationships.py:2455: in _determine_joins
    raise sa_exc.NoForeignKeysError(
E   sqlalchemy.exc.NoForeignKeysError: Could not determine join condition between parent/child tables on relationship Usuario.almacenes_actualizados - there are no foreign keys linking these tables.  Ensure that referencing columns are associated with a ForeignKey or ForeignKeyConstraint, or specify a 'primaryjoin' expression.</error><error message="collection failure">../.cache/pypoetry/virtualenvs/ges-neu-api-RMyv8SgT-py3.12/lib/python3.12/site-packages/sqlalchemy/orm/relationships.py:2434: in _determine_joins
    self.primaryjoin = join_condition(
../.cache/pypoetry/virtualenvs/ges-neu-api-RMyv8SgT-py3.12/lib/python3.12/site-packages/sqlalchemy/sql/util.py:121: in join_condition
    return Join._join_condition(
../.cache/pypoetry/virtualenvs/ges-neu-api-RMyv8SgT-py3.12/lib/python3.12/site-packages/sqlalchemy/sql/selectable.py:1444: in _join_condition
    raise exc.NoForeignKeysError(
E   sqlalchemy.exc.NoForeignKeysError: Can't find any foreign key relationships between 'usuarios' and 'almacenes'.

The above exception was the direct cause of the following exception:
tests/catalogos/test_catalogos_service.py:18: in &lt;module&gt;
    TEST_ADMIN_USER = Usuario(
&lt;string&gt;:4: in __init__
    ???
../.cache/pypoetry/virtualenvs/ges-neu-api-RMyv8SgT-py3.12/lib/python3.12/site-packages/sqlalchemy/orm/state.py:566: in _initialize_instance
    manager.dispatch.init(self, args, kwargs)
../.cache/pypoetry/virtualenvs/ges-neu-api-RMyv8SgT-py3.12/lib/python3.12/site-packages/sqlalchemy/event/attr.py:497: in __call__
    fn(*args, **kw)
../.cache/pypoetry/virtualenvs/ges-neu-api-RMyv8SgT-py3.12/lib/python3.12/site-packages/sqlalchemy/orm/mapper.py:4410: in _event_on_init
    instrumenting_mapper._check_configure()
../.cache/pypoetry/virtualenvs/ges-neu-api-RMyv8SgT-py3.12/lib/python3.12/site-packages/sqlalchemy/orm/mapper.py:2401: in _check_configure
    _configure_registries({self.registry}, cascade=True)
../.cache/pypoetry/virtualenvs/ges-neu-api-RMyv8SgT-py3.12/lib/python3.12/site-packages/sqlalchemy/orm/mapper.py:4218: in _configure_registries
    _do_configure_registries(registries, cascade)
../.cache/pypoetry/virtualenvs/ges-neu-api-RMyv8SgT-py3.12/lib/python3.12/site-packages/sqlalchemy/orm/mapper.py:4259: in _do_configure_registries
    mapper._post_configure_properties()
../.cache/pypoetry/virtualenvs/ges-neu-api-RMyv8SgT-py3.12/lib/python3.12/site-packages/sqlalchemy/orm/mapper.py:2418: in _post_configure_properties
    prop.init()
../.cache/pypoetry/virtualenvs/ges-neu-api-RMyv8SgT-py3.12/lib/python3.12/site-packages/sqlalchemy/orm/interfaces.py:595: in init
    self.do_init()
../.cache/pypoetry/virtualenvs/ges-neu-api-RMyv8SgT-py3.12/lib/python3.12/site-packages/sqlalchemy/orm/relationships.py:1657: in do_init
    self._setup_join_conditions()
../.cache/pypoetry/virtualenvs/ges-neu-api-RMyv8SgT-py3.12/lib/python3.12/site-packages/sqlalchemy/orm/relationships.py:1895: in _setup_join_conditions
    self._join_condition = jc = JoinCondition(
../.cache/pypoetry/virtualenvs/ges-neu-api-RMyv8SgT-py3.12/lib/python3.12/site-packages/sqlalchemy/orm/relationships.py:2321: in __init__
    self._determine_joins()
../.cache/pypoetry/virtualenvs/ges-neu-api-RMyv8SgT-py3.12/lib/python3.12/site-packages/sqlalchemy/orm/relationships.py:2455: in _determine_joins
    raise sa_exc.NoForeignKeysError(
E   sqlalchemy.exc.NoForeignKeysError: Could not determine join condition between parent/child tables on relationship Usuario.almacenes_actualizados - there are no foreign keys linking these tables.  Ensure that referencing columns are associated with a ForeignKey or ForeignKeyConstraint, or specify a 'primaryjoin' expression.</error><error message="collection failure">../.cache/pypoetry/virtualenvs/ges-neu-api-RMyv8SgT-py3.12/lib/python3.12/site-packages/sqlalchemy/orm/relationships.py:2434: in _determine_joins
    self.primaryjoin = join_condition(
../.cache/pypoetry/virtualenvs/ges-neu-api-RMyv8SgT-py3.12/lib/python3.12/site-packages/sqlalchemy/sql/util.py:121: in join_condition
    return Join._join_condition(
../.cache/pypoetry/virtualenvs/ges-neu-api-RMyv8SgT-py3.12/lib/python3.12/site-packages/sqlalchemy/sql/selectable.py:1444: in _join_condition
    raise exc.NoForeignKeysError(
E   sqlalchemy.exc.NoForeignKeysError: Can't find any foreign key relationships between 'usuarios' and 'almacenes'.

The above exception was the direct cause of the following exception:
tests/catalogos/test_catalogos_service.py:18: in &lt;module&gt;
    TEST_ADMIN_USER = Usuario(
&lt;string&gt;:4: in __init__
    ???
../.cache/pypoetry/virtualenvs/ges-neu-api-RMyv8SgT-py3.12/lib/python3.12/site-packages/sqlalchemy/orm/state.py:566: in _initialize_instance
    manager.dispatch.init(self, args, kwargs)
../.cache/pypoetry/virtualenvs/ges-neu-api-RMyv8SgT-py3.12/lib/python3.12/site-packages/sqlalchemy/event/attr.py:497: in __call__
    fn(*args, **kw)
../.cache/pypoetry/virtualenvs/ges-neu-api-RMyv8SgT-py3.12/lib/python3.12/site-packages/sqlalchemy/orm/mapper.py:4410: in _event_on_init
    instrumenting_mapper._check_configure()
../.cache/pypoetry/virtualenvs/ges-neu-api-RMyv8SgT-py3.12/lib/python3.12/site-packages/sqlalchemy/orm/mapper.py:2401: in _check_configure
    _configure_registries({self.registry}, cascade=True)
../.cache/pypoetry/virtualenvs/ges-neu-api-RMyv8SgT-py3.12/lib/python3.12/site-packages/sqlalchemy/orm/mapper.py:4218: in _configure_registries
    _do_configure_registries(registries, cascade)
../.cache/pypoetry/virtualenvs/ges-neu-api-RMyv8SgT-py3.12/lib/python3.12/site-packages/sqlalchemy/orm/mapper.py:4259: in _do_configure_registries
    mapper._post_configure_properties()
../.cache/pypoetry/virtualenvs/ges-neu-api-RMyv8SgT-py3.12/lib/python3.12/site-packages/sqlalchemy/orm/mapper.py:2418: in _post_configure_properties
    prop.init()
../.cache/pypoetry/virtualenvs/ges-neu-api-RMyv8SgT-py3.12/lib/python3.12/site-packages/sqlalchemy/orm/interfaces.py:595: in init
    self.do_init()
../.cache/pypoetry/virtualenvs/ges-neu-api-RMyv8SgT-py3.12/lib/python3.12/site-packages/sqlalchemy/orm/relationships.py:1657: in do_init
    self._setup_join_conditions()
../.cache/pypoetry/virtualenvs/ges-neu-api-RMyv8SgT-py3.12/lib/python3.12/site-packages/sqlalchemy/orm/relationships.py:1895: in _setup_join_conditions
    self._join_condition = jc = JoinCondition(
../.cache/pypoetry/virtualenvs/ges-neu-api-RMyv8SgT-py3.12/lib/python3.12/site-packages/sqlalchemy/orm/relationships.py:2321: in __init__
    self._determine_joins()
../.cache/pypoetry/virtualenvs/ges-neu-api-RMyv8SgT-py3.12/lib/python3.12/site-packages/sqlalchemy/orm/relationships.py:2455: in _determine_joins
    raise sa_exc.NoForeignKeysError(
E   sqlalchemy.exc.NoForeignKeysError: Could not determine join condition between parent/child tables on relationship Usuario.almacenes_actualizados - there are no foreign keys linking these tables.  Ensure that referencing columns are associated with a ForeignKey or ForeignKeyConstraint, or specify a 'primaryjoin' expression.</error></testcase><testcase classname="tests.catalogos.test_property_based.TestPropertyBasedCatalogos" name="test_update_fabricante_property" time="2.670"><error message="failed on setup with &quot;sqlalchemy.exc.InvalidRequestError: The asyncio extension requires an async driver to be used. The loaded 'psycopg2' is not async.&quot;">fixturedef = &lt;FixtureDef argname='db_engine' scope='session' baseid='tests'&gt;
request = &lt;SubRequest 'db_engine' for &lt;AsyncHypothesisTest test_update_fabricante_property&gt;&gt;

    @pytest.hookimpl(wrapper=True)
    def pytest_fixture_setup(fixturedef: FixtureDef, request) -&gt; object | None:
        asyncio_mode = _get_asyncio_mode(request.config)
        if not _is_asyncio_fixture_function(fixturedef.func):
            if asyncio_mode == Mode.STRICT:
                # Ignore async fixtures without explicit asyncio mark in strict mode
                # This applies to pytest_trio fixtures, for example
                return (yield)
            if not _is_coroutine_or_asyncgen(fixturedef.func):
                return (yield)
        default_loop_scope = request.config.getini("asyncio_default_fixture_loop_scope")
        loop_scope = (
            getattr(fixturedef.func, "_loop_scope", None)
            or default_loop_scope
            or fixturedef.scope
        )
        runner_fixture_id = f"_{loop_scope}_scoped_runner"
        runner = request.getfixturevalue(runner_fixture_id)
        synchronizer = _fixture_synchronizer(fixturedef, runner, request)
        _make_asyncio_fixture_function(synchronizer, loop_scope)
        with MonkeyPatch.context() as c:
            c.setattr(fixturedef, "func", synchronizer)
&gt;           hook_result = yield
                          ^^^^^

../.cache/pypoetry/virtualenvs/ges-neu-api-RMyv8SgT-py3.12/lib/python3.12/site-packages/pytest_asyncio/plugin.py:696: 
_ _ _ _ _ _ _ _ _ _ _ _ _ _ _ _ _ _ _ _ _ _ _ _ _ _ _ _ _ _ _ _ _ _ _ _ _ _ _ _ _ _ _ _ _ _ _ _ _ _ _ _ _ _ _ _ _ _ _ _ _ _ _ _ _ _ _ _ _ _ _ _ _ _ _ _ _ _ _ _ _ _ _ _ 
../.cache/pypoetry/virtualenvs/ges-neu-api-RMyv8SgT-py3.12/lib/python3.12/site-packages/pytest_asyncio/plugin.py:272: in _asyncgen_fixture_wrapper
    result = runner.run(setup(), context=context)
             ^^^^^^^^^^^^^^^^^^^^^^^^^^^^^^^^^^^^
/usr/lib/python3.12/asyncio/runners.py:118: in run
    return self._loop.run_until_complete(task)
           ^^^^^^^^^^^^^^^^^^^^^^^^^^^^^^^^^^^
/usr/lib/python3.12/asyncio/base_events.py:687: in run_until_complete
    return future.result()
           ^^^^^^^^^^^^^^^
../.cache/pypoetry/virtualenvs/ges-neu-api-RMyv8SgT-py3.12/lib/python3.12/site-packages/pytest_asyncio/plugin.py:268: in setup
    res = await gen_obj.__anext__()  # type: ignore[union-attr]
          ^^^^^^^^^^^^^^^^^^^^^^^^^
tests/conftest.py:42: in db_engine
    engine = create_async_engine(db_url, echo=False)
             ^^^^^^^^^^^^^^^^^^^^^^^^^^^^^^^^^^^^^^^
../.cache/pypoetry/virtualenvs/ges-neu-api-RMyv8SgT-py3.12/lib/python3.12/site-packages/sqlalchemy/ext/asyncio/engine.py:121: in create_async_engine
    return AsyncEngine(sync_engine)
           ^^^^^^^^^^^^^^^^^^^^^^^^
_ _ _ _ _ _ _ _ _ _ _ _ _ _ _ _ _ _ _ _ _ _ _ _ _ _ _ _ _ _ _ _ _ _ _ _ _ _ _ _ _ _ _ _ _ _ _ _ _ _ _ _ _ _ _ _ _ _ _ _ _ _ _ _ _ _ _ _ _ _ _ _ _ _ _ _ _ _ _ _ _ _ _ _ 

self = &lt;sqlalchemy.ext.asyncio.engine.AsyncEngine object at 0x7bc71bc36650&gt;, sync_engine = Engine(postgresql+psycopg2://test:***@localhost:32796/test)

    def __init__(self, sync_engine: Engine):
        if not sync_engine.dialect.is_async:
&gt;           raise exc.InvalidRequestError(
                "The asyncio extension requires an async driver to be used. "
                f"The loaded {sync_engine.dialect.driver!r} is not async."
            )
E           sqlalchemy.exc.InvalidRequestError: The asyncio extension requires an async driver to be used. The loaded 'psycopg2' is not async.

../.cache/pypoetry/virtualenvs/ges-neu-api-RMyv8SgT-py3.12/lib/python3.12/site-packages/sqlalchemy/ext/asyncio/engine.py:1033: InvalidRequestError</error></testcase><testcase classname="tests.catalogos.test_catalogos_router.TestFabricantesEndpoints" name="test_create_fabricante_as_admin" time="2.720"><error message="failed on setup with &quot;sqlalchemy.exc.InvalidRequestError: The asyncio extension requires an async driver to be used. The loaded 'psycopg2' is not async.&quot;">fixturedef = &lt;FixtureDef argname='db_engine' scope='session' baseid='tests'&gt;, request = &lt;SubRequest 'db_engine' for &lt;Coroutine test_create_fabricante_as_admin&gt;&gt;

    @pytest.hookimpl(wrapper=True)
    def pytest_fixture_setup(fixturedef: FixtureDef, request) -&gt; object | None:
        asyncio_mode = _get_asyncio_mode(request.config)
        if not _is_asyncio_fixture_function(fixturedef.func):
            if asyncio_mode == Mode.STRICT:
                # Ignore async fixtures without explicit asyncio mark in strict mode
                # This applies to pytest_trio fixtures, for example
                return (yield)
            if not _is_coroutine_or_asyncgen(fixturedef.func):
                return (yield)
        default_loop_scope = request.config.getini("asyncio_default_fixture_loop_scope")
        loop_scope = (
            getattr(fixturedef.func, "_loop_scope", None)
            or default_loop_scope
            or fixturedef.scope
        )
        runner_fixture_id = f"_{loop_scope}_scoped_runner"
        runner = request.getfixturevalue(runner_fixture_id)
        synchronizer = _fixture_synchronizer(fixturedef, runner, request)
        _make_asyncio_fixture_function(synchronizer, loop_scope)
        with MonkeyPatch.context() as c:
            c.setattr(fixturedef, "func", synchronizer)
&gt;           hook_result = yield
                          ^^^^^

../.cache/pypoetry/virtualenvs/ges-neu-api-RMyv8SgT-py3.12/lib/python3.12/site-packages/pytest_asyncio/plugin.py:696: 
_ _ _ _ _ _ _ _ _ _ _ _ _ _ _ _ _ _ _ _ _ _ _ _ _ _ _ _ _ _ _ _ _ _ _ _ _ _ _ _ _ _ _ _ _ _ _ _ _ _ _ _ _ _ _ _ _ _ _ _ _ _ _ _ _ _ _ _ _ _ _ _ _ _ _ _ _ _ _ _ _ _ _ _ 
../.cache/pypoetry/virtualenvs/ges-neu-api-RMyv8SgT-py3.12/lib/python3.12/site-packages/pytest_asyncio/plugin.py:272: in _asyncgen_fixture_wrapper
    result = runner.run(setup(), context=context)
             ^^^^^^^^^^^^^^^^^^^^^^^^^^^^^^^^^^^^
/usr/lib/python3.12/asyncio/runners.py:118: in run
    return self._loop.run_until_complete(task)
           ^^^^^^^^^^^^^^^^^^^^^^^^^^^^^^^^^^^
/usr/lib/python3.12/asyncio/base_events.py:687: in run_until_complete
    return future.result()
           ^^^^^^^^^^^^^^^
../.cache/pypoetry/virtualenvs/ges-neu-api-RMyv8SgT-py3.12/lib/python3.12/site-packages/pytest_asyncio/plugin.py:268: in setup
    res = await gen_obj.__anext__()  # type: ignore[union-attr]
          ^^^^^^^^^^^^^^^^^^^^^^^^^
tests/conftest.py:42: in db_engine
    engine = create_async_engine(db_url, echo=False)
             ^^^^^^^^^^^^^^^^^^^^^^^^^^^^^^^^^^^^^^^
../.cache/pypoetry/virtualenvs/ges-neu-api-RMyv8SgT-py3.12/lib/python3.12/site-packages/sqlalchemy/ext/asyncio/engine.py:121: in create_async_engine
    return AsyncEngine(sync_engine)
           ^^^^^^^^^^^^^^^^^^^^^^^^
_ _ _ _ _ _ _ _ _ _ _ _ _ _ _ _ _ _ _ _ _ _ _ _ _ _ _ _ _ _ _ _ _ _ _ _ _ _ _ _ _ _ _ _ _ _ _ _ _ _ _ _ _ _ _ _ _ _ _ _ _ _ _ _ _ _ _ _ _ _ _ _ _ _ _ _ _ _ _ _ _ _ _ _ 

self = &lt;sqlalchemy.ext.asyncio.engine.AsyncEngine object at 0x7a5685493dd0&gt;, sync_engine = Engine(postgresql+psycopg2://test:***@localhost:32798/test)

    def __init__(self, sync_engine: Engine):
        if not sync_engine.dialect.is_async:
&gt;           raise exc.InvalidRequestError(
                "The asyncio extension requires an async driver to be used. "
                f"The loaded {sync_engine.dialect.driver!r} is not async."
            )
E           sqlalchemy.exc.InvalidRequestError: The asyncio extension requires an async driver to be used. The loaded 'psycopg2' is not async.

../.cache/pypoetry/virtualenvs/ges-neu-api-RMyv8SgT-py3.12/lib/python3.12/site-packages/sqlalchemy/ext/asyncio/engine.py:1033: InvalidRequestError</error></testcase><testcase classname="tests.catalogos.test_catalogos_router.TestFabricantesEndpoints" name="test_delete_fabricante" time="2.713"><error message="failed on setup with &quot;sqlalchemy.exc.InvalidRequestError: The asyncio extension requires an async driver to be used. The loaded 'psycopg2' is not async.&quot;">fixturedef = &lt;FixtureDef argname='db_engine' scope='session' baseid='tests'&gt;, request = &lt;SubRequest 'db_engine' for &lt;Coroutine test_delete_fabricante&gt;&gt;

    @pytest.hookimpl(wrapper=True)
    def pytest_fixture_setup(fixturedef: FixtureDef, request) -&gt; object | None:
        asyncio_mode = _get_asyncio_mode(request.config)
        if not _is_asyncio_fixture_function(fixturedef.func):
            if asyncio_mode == Mode.STRICT:
                # Ignore async fixtures without explicit asyncio mark in strict mode
                # This applies to pytest_trio fixtures, for example
                return (yield)
            if not _is_coroutine_or_asyncgen(fixturedef.func):
                return (yield)
        default_loop_scope = request.config.getini("asyncio_default_fixture_loop_scope")
        loop_scope = (
            getattr(fixturedef.func, "_loop_scope", None)
            or default_loop_scope
            or fixturedef.scope
        )
        runner_fixture_id = f"_{loop_scope}_scoped_runner"
        runner = request.getfixturevalue(runner_fixture_id)
        synchronizer = _fixture_synchronizer(fixturedef, runner, request)
        _make_asyncio_fixture_function(synchronizer, loop_scope)
        with MonkeyPatch.context() as c:
            c.setattr(fixturedef, "func", synchronizer)
&gt;           hook_result = yield
                          ^^^^^

../.cache/pypoetry/virtualenvs/ges-neu-api-RMyv8SgT-py3.12/lib/python3.12/site-packages/pytest_asyncio/plugin.py:696: 
_ _ _ _ _ _ _ _ _ _ _ _ _ _ _ _ _ _ _ _ _ _ _ _ _ _ _ _ _ _ _ _ _ _ _ _ _ _ _ _ _ _ _ _ _ _ _ _ _ _ _ _ _ _ _ _ _ _ _ _ _ _ _ _ _ _ _ _ _ _ _ _ _ _ _ _ _ _ _ _ _ _ _ _ 
../.cache/pypoetry/virtualenvs/ges-neu-api-RMyv8SgT-py3.12/lib/python3.12/site-packages/pytest_asyncio/plugin.py:272: in _asyncgen_fixture_wrapper
    result = runner.run(setup(), context=context)
             ^^^^^^^^^^^^^^^^^^^^^^^^^^^^^^^^^^^^
/usr/lib/python3.12/asyncio/runners.py:118: in run
    return self._loop.run_until_complete(task)
           ^^^^^^^^^^^^^^^^^^^^^^^^^^^^^^^^^^^
/usr/lib/python3.12/asyncio/base_events.py:687: in run_until_complete
    return future.result()
           ^^^^^^^^^^^^^^^
../.cache/pypoetry/virtualenvs/ges-neu-api-RMyv8SgT-py3.12/lib/python3.12/site-packages/pytest_asyncio/plugin.py:268: in setup
    res = await gen_obj.__anext__()  # type: ignore[union-attr]
          ^^^^^^^^^^^^^^^^^^^^^^^^^
tests/conftest.py:42: in db_engine
    engine = create_async_engine(db_url, echo=False)
             ^^^^^^^^^^^^^^^^^^^^^^^^^^^^^^^^^^^^^^^
../.cache/pypoetry/virtualenvs/ges-neu-api-RMyv8SgT-py3.12/lib/python3.12/site-packages/sqlalchemy/ext/asyncio/engine.py:121: in create_async_engine
    return AsyncEngine(sync_engine)
           ^^^^^^^^^^^^^^^^^^^^^^^^
_ _ _ _ _ _ _ _ _ _ _ _ _ _ _ _ _ _ _ _ _ _ _ _ _ _ _ _ _ _ _ _ _ _ _ _ _ _ _ _ _ _ _ _ _ _ _ _ _ _ _ _ _ _ _ _ _ _ _ _ _ _ _ _ _ _ _ _ _ _ _ _ _ _ _ _ _ _ _ _ _ _ _ _ 

self = &lt;sqlalchemy.ext.asyncio.engine.AsyncEngine object at 0x7e6f476ce2d0&gt;, sync_engine = Engine(postgresql+psycopg2://test:***@localhost:32797/test)

    def __init__(self, sync_engine: Engine):
        if not sync_engine.dialect.is_async:
&gt;           raise exc.InvalidRequestError(
                "The asyncio extension requires an async driver to be used. "
                f"The loaded {sync_engine.dialect.driver!r} is not async."
            )
E           sqlalchemy.exc.InvalidRequestError: The asyncio extension requires an async driver to be used. The loaded 'psycopg2' is not async.

../.cache/pypoetry/virtualenvs/ges-neu-api-RMyv8SgT-py3.12/lib/python3.12/site-packages/sqlalchemy/ext/asyncio/engine.py:1033: InvalidRequestError</error></testcase><testcase classname="tests.catalogos.test_catalogos_router.TestFabricantesEndpoints" name="test_get_fabricante_by_id" time="2.755"><error message="failed on setup with &quot;sqlalchemy.exc.InvalidRequestError: The asyncio extension requires an async driver to be used. The loaded 'psycopg2' is not async.&quot;">fixturedef = &lt;FixtureDef argname='db_engine' scope='session' baseid='tests'&gt;, request = &lt;SubRequest 'db_engine' for &lt;Coroutine test_get_fabricante_by_id&gt;&gt;

    @pytest.hookimpl(wrapper=True)
    def pytest_fixture_setup(fixturedef: FixtureDef, request) -&gt; object | None:
        asyncio_mode = _get_asyncio_mode(request.config)
        if not _is_asyncio_fixture_function(fixturedef.func):
            if asyncio_mode == Mode.STRICT:
                # Ignore async fixtures without explicit asyncio mark in strict mode
                # This applies to pytest_trio fixtures, for example
                return (yield)
            if not _is_coroutine_or_asyncgen(fixturedef.func):
                return (yield)
        default_loop_scope = request.config.getini("asyncio_default_fixture_loop_scope")
        loop_scope = (
            getattr(fixturedef.func, "_loop_scope", None)
            or default_loop_scope
            or fixturedef.scope
        )
        runner_fixture_id = f"_{loop_scope}_scoped_runner"
        runner = request.getfixturevalue(runner_fixture_id)
        synchronizer = _fixture_synchronizer(fixturedef, runner, request)
        _make_asyncio_fixture_function(synchronizer, loop_scope)
        with MonkeyPatch.context() as c:
            c.setattr(fixturedef, "func", synchronizer)
&gt;           hook_result = yield
                          ^^^^^

../.cache/pypoetry/virtualenvs/ges-neu-api-RMyv8SgT-py3.12/lib/python3.12/site-packages/pytest_asyncio/plugin.py:696: 
_ _ _ _ _ _ _ _ _ _ _ _ _ _ _ _ _ _ _ _ _ _ _ _ _ _ _ _ _ _ _ _ _ _ _ _ _ _ _ _ _ _ _ _ _ _ _ _ _ _ _ _ _ _ _ _ _ _ _ _ _ _ _ _ _ _ _ _ _ _ _ _ _ _ _ _ _ _ _ _ _ _ _ _ 
../.cache/pypoetry/virtualenvs/ges-neu-api-RMyv8SgT-py3.12/lib/python3.12/site-packages/pytest_asyncio/plugin.py:272: in _asyncgen_fixture_wrapper
    result = runner.run(setup(), context=context)
             ^^^^^^^^^^^^^^^^^^^^^^^^^^^^^^^^^^^^
/usr/lib/python3.12/asyncio/runners.py:118: in run
    return self._loop.run_until_complete(task)
           ^^^^^^^^^^^^^^^^^^^^^^^^^^^^^^^^^^^
/usr/lib/python3.12/asyncio/base_events.py:687: in run_until_complete
    return future.result()
           ^^^^^^^^^^^^^^^
../.cache/pypoetry/virtualenvs/ges-neu-api-RMyv8SgT-py3.12/lib/python3.12/site-packages/pytest_asyncio/plugin.py:268: in setup
    res = await gen_obj.__anext__()  # type: ignore[union-attr]
          ^^^^^^^^^^^^^^^^^^^^^^^^^
tests/conftest.py:42: in db_engine
    engine = create_async_engine(db_url, echo=False)
             ^^^^^^^^^^^^^^^^^^^^^^^^^^^^^^^^^^^^^^^
../.cache/pypoetry/virtualenvs/ges-neu-api-RMyv8SgT-py3.12/lib/python3.12/site-packages/sqlalchemy/ext/asyncio/engine.py:121: in create_async_engine
    return AsyncEngine(sync_engine)
           ^^^^^^^^^^^^^^^^^^^^^^^^
_ _ _ _ _ _ _ _ _ _ _ _ _ _ _ _ _ _ _ _ _ _ _ _ _ _ _ _ _ _ _ _ _ _ _ _ _ _ _ _ _ _ _ _ _ _ _ _ _ _ _ _ _ _ _ _ _ _ _ _ _ _ _ _ _ _ _ _ _ _ _ _ _ _ _ _ _ _ _ _ _ _ _ _ 

self = &lt;sqlalchemy.ext.asyncio.engine.AsyncEngine object at 0x7571bc36d2d0&gt;, sync_engine = Engine(postgresql+psycopg2://test:***@localhost:32799/test)

    def __init__(self, sync_engine: Engine):
        if not sync_engine.dialect.is_async:
&gt;           raise exc.InvalidRequestError(
                "The asyncio extension requires an async driver to be used. "
                f"The loaded {sync_engine.dialect.driver!r} is not async."
            )
E           sqlalchemy.exc.InvalidRequestError: The asyncio extension requires an async driver to be used. The loaded 'psycopg2' is not async.

../.cache/pypoetry/virtualenvs/ges-neu-api-RMyv8SgT-py3.12/lib/python3.12/site-packages/sqlalchemy/ext/asyncio/engine.py:1033: InvalidRequestError</error></testcase><testcase classname="tests.catalogos.test_catalogos_router.TestFabricantesEndpoints" name="test_create_fabricante_as_regular_user_fails" time="0.001"><error message="failed on setup with &quot;sqlalchemy.exc.InvalidRequestError: The asyncio extension requires an async driver to be used. The loaded 'psycopg2' is not async.&quot;">args = (), kwargs = {'db_url': 'postgresql+psycopg2://test:test@localhost:32798/test'}
setup = &lt;function _wrap_asyncgen_fixture.&lt;locals&gt;._asyncgen_fixture_wrapper.&lt;locals&gt;.setup at 0x7a5685942e80&gt;

    @functools.wraps(fixture_function)
    def _asyncgen_fixture_wrapper(
        *args: AsyncGenFixtureParams.args,
        **kwargs: AsyncGenFixtureParams.kwargs,
    ):
        gen_obj = fixture_function(*args, **kwargs)
    
        async def setup():
            res = await gen_obj.__anext__()  # type: ignore[union-attr]
            return res
    
        context = contextvars.copy_context()
&gt;       result = runner.run(setup(), context=context)
                 ^^^^^^^^^^^^^^^^^^^^^^^^^^^^^^^^^^^^

../.cache/pypoetry/virtualenvs/ges-neu-api-RMyv8SgT-py3.12/lib/python3.12/site-packages/pytest_asyncio/plugin.py:272: 
_ _ _ _ _ _ _ _ _ _ _ _ _ _ _ _ _ _ _ _ _ _ _ _ _ _ _ _ _ _ _ _ _ _ _ _ _ _ _ _ _ _ _ _ _ _ _ _ _ _ _ _ _ _ _ _ _ _ _ _ _ _ _ _ _ _ _ _ _ _ _ _ _ _ _ _ _ _ _ _ _ _ _ _ 
/usr/lib/python3.12/asyncio/runners.py:118: in run
    return self._loop.run_until_complete(task)
           ^^^^^^^^^^^^^^^^^^^^^^^^^^^^^^^^^^^
/usr/lib/python3.12/asyncio/base_events.py:687: in run_until_complete
    return future.result()
           ^^^^^^^^^^^^^^^
../.cache/pypoetry/virtualenvs/ges-neu-api-RMyv8SgT-py3.12/lib/python3.12/site-packages/pytest_asyncio/plugin.py:268: in setup
    res = await gen_obj.__anext__()  # type: ignore[union-attr]
          ^^^^^^^^^^^^^^^^^^^^^^^^^
tests/conftest.py:42: in db_engine
    engine = create_async_engine(db_url, echo=False)
             ^^^^^^^^^^^^^^^^^^^^^^^^^^^^^^^^^^^^^^^
../.cache/pypoetry/virtualenvs/ges-neu-api-RMyv8SgT-py3.12/lib/python3.12/site-packages/sqlalchemy/ext/asyncio/engine.py:121: in create_async_engine
    return AsyncEngine(sync_engine)
           ^^^^^^^^^^^^^^^^^^^^^^^^
_ _ _ _ _ _ _ _ _ _ _ _ _ _ _ _ _ _ _ _ _ _ _ _ _ _ _ _ _ _ _ _ _ _ _ _ _ _ _ _ _ _ _ _ _ _ _ _ _ _ _ _ _ _ _ _ _ _ _ _ _ _ _ _ _ _ _ _ _ _ _ _ _ _ _ _ _ _ _ _ _ _ _ _ 

self = &lt;sqlalchemy.ext.asyncio.engine.AsyncEngine object at 0x7a5685493dd0&gt;, sync_engine = Engine(postgresql+psycopg2://test:***@localhost:32798/test)

    def __init__(self, sync_engine: Engine):
        if not sync_engine.dialect.is_async:
&gt;           raise exc.InvalidRequestError(
                "The asyncio extension requires an async driver to be used. "
                f"The loaded {sync_engine.dialect.driver!r} is not async."
            )
E           sqlalchemy.exc.InvalidRequestError: The asyncio extension requires an async driver to be used. The loaded 'psycopg2' is not async.

../.cache/pypoetry/virtualenvs/ges-neu-api-RMyv8SgT-py3.12/lib/python3.12/site-packages/sqlalchemy/ext/asyncio/engine.py:1033: InvalidRequestError</error></testcase><testcase classname="tests.test_auth_services.TestUserService" name="test_create_user_success" time="0.016"><failure message="AttributeError: 'coroutine' object has no attribute 'first'">self = &lt;test_auth_services.TestUserService object at 0x7a56853aa2d0&gt;, mock_db_session = &lt;AsyncMock spec='AsyncSession' id='134512027438352'&gt;

    @pytest.mark.asyncio
    async def test_create_user_success(self, mock_db_session):
        """Prueba la creación exitosa de un usuario."""
        # Crear instancia del servicio
        user_service = UserService(mock_db_session)
    
        # Datos para crear el usuario
        user_data = UsuarioCreate(
            username="newuser",
            email="newuser@example.com",
            password="newpassword",
            nombre_completo="New User"
        )
    
        # Configurar el mock para simular que no existe un usuario con el mismo nombre de usuario o email
        mock_db_session.execute.return_value.scalars.return_value.first.return_value = None
    
        # Llamar al método bajo prueba
&gt;       result = await user_service.create_user(user_data)
                 ^^^^^^^^^^^^^^^^^^^^^^^^^^^^^^^^^^^^^^^^^

tests/test_auth_services.py:131: 
_ _ _ _ _ _ _ _ _ _ _ _ _ _ _ _ _ _ _ _ _ _ _ _ _ _ _ _ _ _ _ _ _ _ _ _ _ _ _ _ _ _ _ _ _ _ _ _ _ _ _ _ _ _ _ _ _ _ _ _ _ _ _ _ _ _ _ _ _ _ _ _ _ _ _ _ _ _ _ _ _ _ _ _ 
ges_neu_api/core/monitoring.py:79: in wrapper
    result = await func(*args, **kwargs)
             ^^^^^^^^^^^^^^^^^^^^^^^^^^^
ges_neu_api/auth/service.py:111: in create_user
    existing_user = await self._get_user_by_username_model(user_data.username)
                    ^^^^^^^^^^^^^^^^^^^^^^^^^^^^^^^^^^^^^^^^^^^^^^^^^^^^^^^^^^
_ _ _ _ _ _ _ _ _ _ _ _ _ _ _ _ _ _ _ _ _ _ _ _ _ _ _ _ _ _ _ _ _ _ _ _ _ _ _ _ _ _ _ _ _ _ _ _ _ _ _ _ _ _ _ _ _ _ _ _ _ _ _ _ _ _ _ _ _ _ _ _ _ _ _ _ _ _ _ _ _ _ _ _ 

self = &lt;ges_neu_api.auth.service.UserService object at 0x7a56859d3890&gt;, username = 'newuser'

    async def _get_user_by_username_model(self, username: str) -&gt; Optional[Usuario]:
        result = await self.db.execute(select(Usuario).where(Usuario.username == username))
&gt;       return result.scalars().first()
               ^^^^^^^^^^^^^^^^^^^^^^
E       AttributeError: 'coroutine' object has no attribute 'first'

ges_neu_api/auth/service.py:106: AttributeError</failure></testcase><testcase classname="tests.catalogos.test_property_based.TestPropertyBasedCatalogos" name="test_create_and_retrieve_fabricante_property" time="0.001"><error message="failed on setup with &quot;sqlalchemy.exc.InvalidRequestError: The asyncio extension requires an async driver to be used. The loaded 'psycopg2' is not async.&quot;">args = (), kwargs = {'db_url': 'postgresql+psycopg2://test:test@localhost:32797/test'}
setup = &lt;function _wrap_asyncgen_fixture.&lt;locals&gt;._asyncgen_fixture_wrapper.&lt;locals&gt;.setup at 0x7e6f47a36de0&gt;

    @functools.wraps(fixture_function)
    def _asyncgen_fixture_wrapper(
        *args: AsyncGenFixtureParams.args,
        **kwargs: AsyncGenFixtureParams.kwargs,
    ):
        gen_obj = fixture_function(*args, **kwargs)
    
        async def setup():
            res = await gen_obj.__anext__()  # type: ignore[union-attr]
            return res
    
        context = contextvars.copy_context()
&gt;       result = runner.run(setup(), context=context)
                 ^^^^^^^^^^^^^^^^^^^^^^^^^^^^^^^^^^^^

../.cache/pypoetry/virtualenvs/ges-neu-api-RMyv8SgT-py3.12/lib/python3.12/site-packages/pytest_asyncio/plugin.py:272: 
_ _ _ _ _ _ _ _ _ _ _ _ _ _ _ _ _ _ _ _ _ _ _ _ _ _ _ _ _ _ _ _ _ _ _ _ _ _ _ _ _ _ _ _ _ _ _ _ _ _ _ _ _ _ _ _ _ _ _ _ _ _ _ _ _ _ _ _ _ _ _ _ _ _ _ _ _ _ _ _ _ _ _ _ 
/usr/lib/python3.12/asyncio/runners.py:118: in run
    return self._loop.run_until_complete(task)
           ^^^^^^^^^^^^^^^^^^^^^^^^^^^^^^^^^^^
/usr/lib/python3.12/asyncio/base_events.py:687: in run_until_complete
    return future.result()
           ^^^^^^^^^^^^^^^
../.cache/pypoetry/virtualenvs/ges-neu-api-RMyv8SgT-py3.12/lib/python3.12/site-packages/pytest_asyncio/plugin.py:268: in setup
    res = await gen_obj.__anext__()  # type: ignore[union-attr]
          ^^^^^^^^^^^^^^^^^^^^^^^^^
tests/conftest.py:42: in db_engine
    engine = create_async_engine(db_url, echo=False)
             ^^^^^^^^^^^^^^^^^^^^^^^^^^^^^^^^^^^^^^^
../.cache/pypoetry/virtualenvs/ges-neu-api-RMyv8SgT-py3.12/lib/python3.12/site-packages/sqlalchemy/ext/asyncio/engine.py:121: in create_async_engine
    return AsyncEngine(sync_engine)
           ^^^^^^^^^^^^^^^^^^^^^^^^
_ _ _ _ _ _ _ _ _ _ _ _ _ _ _ _ _ _ _ _ _ _ _ _ _ _ _ _ _ _ _ _ _ _ _ _ _ _ _ _ _ _ _ _ _ _ _ _ _ _ _ _ _ _ _ _ _ _ _ _ _ _ _ _ _ _ _ _ _ _ _ _ _ _ _ _ _ _ _ _ _ _ _ _ 

self = &lt;sqlalchemy.ext.asyncio.engine.AsyncEngine object at 0x7e6f476ce2d0&gt;, sync_engine = Engine(postgresql+psycopg2://test:***@localhost:32797/test)

    def __init__(self, sync_engine: Engine):
        if not sync_engine.dialect.is_async:
&gt;           raise exc.InvalidRequestError(
                "The asyncio extension requires an async driver to be used. "
                f"The loaded {sync_engine.dialect.driver!r} is not async."
            )
E           sqlalchemy.exc.InvalidRequestError: The asyncio extension requires an async driver to be used. The loaded 'psycopg2' is not async.

../.cache/pypoetry/virtualenvs/ges-neu-api-RMyv8SgT-py3.12/lib/python3.12/site-packages/sqlalchemy/ext/asyncio/engine.py:1033: InvalidRequestError</error></testcase><testcase classname="tests.catalogos.test_catalogos_router.TestFabricantesEndpoints" name="test_update_fabricante" time="0.001"><error message="failed on setup with &quot;sqlalchemy.exc.InvalidRequestError: The asyncio extension requires an async driver to be used. The loaded 'psycopg2' is not async.&quot;">args = (), kwargs = {'db_url': 'postgresql+psycopg2://test:test@localhost:32799/test'}
setup = &lt;function _wrap_asyncgen_fixture.&lt;locals&gt;._asyncgen_fixture_wrapper.&lt;locals&gt;.setup at 0x7571bc356de0&gt;

    @functools.wraps(fixture_function)
    def _asyncgen_fixture_wrapper(
        *args: AsyncGenFixtureParams.args,
        **kwargs: AsyncGenFixtureParams.kwargs,
    ):
        gen_obj = fixture_function(*args, **kwargs)
    
        async def setup():
            res = await gen_obj.__anext__()  # type: ignore[union-attr]
            return res
    
        context = contextvars.copy_context()
&gt;       result = runner.run(setup(), context=context)
                 ^^^^^^^^^^^^^^^^^^^^^^^^^^^^^^^^^^^^

../.cache/pypoetry/virtualenvs/ges-neu-api-RMyv8SgT-py3.12/lib/python3.12/site-packages/pytest_asyncio/plugin.py:272: 
_ _ _ _ _ _ _ _ _ _ _ _ _ _ _ _ _ _ _ _ _ _ _ _ _ _ _ _ _ _ _ _ _ _ _ _ _ _ _ _ _ _ _ _ _ _ _ _ _ _ _ _ _ _ _ _ _ _ _ _ _ _ _ _ _ _ _ _ _ _ _ _ _ _ _ _ _ _ _ _ _ _ _ _ 
/usr/lib/python3.12/asyncio/runners.py:118: in run
    return self._loop.run_until_complete(task)
           ^^^^^^^^^^^^^^^^^^^^^^^^^^^^^^^^^^^
/usr/lib/python3.12/asyncio/base_events.py:687: in run_until_complete
    return future.result()
           ^^^^^^^^^^^^^^^
../.cache/pypoetry/virtualenvs/ges-neu-api-RMyv8SgT-py3.12/lib/python3.12/site-packages/pytest_asyncio/plugin.py:268: in setup
    res = await gen_obj.__anext__()  # type: ignore[union-attr]
          ^^^^^^^^^^^^^^^^^^^^^^^^^
tests/conftest.py:42: in db_engine
    engine = create_async_engine(db_url, echo=False)
             ^^^^^^^^^^^^^^^^^^^^^^^^^^^^^^^^^^^^^^^
../.cache/pypoetry/virtualenvs/ges-neu-api-RMyv8SgT-py3.12/lib/python3.12/site-packages/sqlalchemy/ext/asyncio/engine.py:121: in create_async_engine
    return AsyncEngine(sync_engine)
           ^^^^^^^^^^^^^^^^^^^^^^^^
_ _ _ _ _ _ _ _ _ _ _ _ _ _ _ _ _ _ _ _ _ _ _ _ _ _ _ _ _ _ _ _ _ _ _ _ _ _ _ _ _ _ _ _ _ _ _ _ _ _ _ _ _ _ _ _ _ _ _ _ _ _ _ _ _ _ _ _ _ _ _ _ _ _ _ _ _ _ _ _ _ _ _ _ 

self = &lt;sqlalchemy.ext.asyncio.engine.AsyncEngine object at 0x7571bc36d2d0&gt;, sync_engine = Engine(postgresql+psycopg2://test:***@localhost:32799/test)

    def __init__(self, sync_engine: Engine):
        if not sync_engine.dialect.is_async:
&gt;           raise exc.InvalidRequestError(
                "The asyncio extension requires an async driver to be used. "
                f"The loaded {sync_engine.dialect.driver!r} is not async."
            )
E           sqlalchemy.exc.InvalidRequestError: The asyncio extension requires an async driver to be used. The loaded 'psycopg2' is not async.

../.cache/pypoetry/virtualenvs/ges-neu-api-RMyv8SgT-py3.12/lib/python3.12/site-packages/sqlalchemy/ext/asyncio/engine.py:1033: InvalidRequestError</error></testcase><testcase classname="tests.test_auth_services.TestAuthService" name="test_authenticate_user_success" time="0.273"><error message="failed on setup with &quot;sqlalchemy.exc.InvalidRequestError: One or more mappers failed to initialize - can't proceed with initialization of other mappers. Triggering mapper: 'Mapper[Usuario(usuarios)]'. Original exception was: Could not determine join condition between parent/child tables on relationship Usuario.almacenes_actualizados - there are no foreign keys linking these tables.  Ensure that referencing columns are associated with a ForeignKey or ForeignKeyConstraint, or specify a 'primaryjoin' expression.&quot;">@pytest.fixture
    def test_user():
        """Crea un usuario de prueba."""
&gt;       return Usuario(
            id=uuid4(),
            username=TEST_USERNAME,
            password_hash=get_password_hash(TEST_PASSWORD),
            email=TEST_EMAIL,
            nombre_completo=f"{TEST_FIRST_NAME} {TEST_LAST_NAME}",
            activo=True,
            creado_en=datetime.utcnow(),
            actualizado_en=datetime.utcnow(),
        )

tests/test_auth_services.py:47: 
_ _ _ _ _ _ _ _ _ _ _ _ _ _ _ _ _ _ _ _ _ _ _ _ _ _ _ _ _ _ _ _ _ _ _ _ _ _ _ _ _ _ _ _ _ _ _ _ _ _ _ _ _ _ _ _ _ _ _ _ _ _ _ _ _ _ _ _ _ _ _ _ _ _ _ _ _ _ _ _ _ _ _ _ 
&lt;string&gt;:4: in __init__
    ???
../.cache/pypoetry/virtualenvs/ges-neu-api-RMyv8SgT-py3.12/lib/python3.12/site-packages/sqlalchemy/orm/state.py:566: in _initialize_instance
    manager.dispatch.init(self, args, kwargs)
../.cache/pypoetry/virtualenvs/ges-neu-api-RMyv8SgT-py3.12/lib/python3.12/site-packages/sqlalchemy/event/attr.py:497: in __call__
    fn(*args, **kw)
../.cache/pypoetry/virtualenvs/ges-neu-api-RMyv8SgT-py3.12/lib/python3.12/site-packages/sqlalchemy/orm/mapper.py:4410: in _event_on_init
    instrumenting_mapper._check_configure()
../.cache/pypoetry/virtualenvs/ges-neu-api-RMyv8SgT-py3.12/lib/python3.12/site-packages/sqlalchemy/orm/mapper.py:2401: in _check_configure
    _configure_registries({self.registry}, cascade=True)
../.cache/pypoetry/virtualenvs/ges-neu-api-RMyv8SgT-py3.12/lib/python3.12/site-packages/sqlalchemy/orm/mapper.py:4218: in _configure_registries
    _do_configure_registries(registries, cascade)
_ _ _ _ _ _ _ _ _ _ _ _ _ _ _ _ _ _ _ _ _ _ _ _ _ _ _ _ _ _ _ _ _ _ _ _ _ _ _ _ _ _ _ _ _ _ _ _ _ _ _ _ _ _ _ _ _ _ _ _ _ _ _ _ _ _ _ _ _ _ _ _ _ _ _ _ _ _ _ _ _ _ _ _ 

registries = set(), cascade = True

    @util.preload_module("sqlalchemy.orm.decl_api")
    def _do_configure_registries(
        registries: Set[_RegistryType], cascade: bool
    ) -&gt; None:
        registry = util.preloaded.orm_decl_api.registry
    
        orig = set(registries)
    
        for reg in registry._recurse_with_dependencies(registries):
            has_skip = False
    
            for mapper in reg._mappers_to_configure():
                run_configure = None
    
                for fn in mapper.dispatch.before_mapper_configured:
                    run_configure = fn(mapper, mapper.class_)
                    if run_configure is EXT_SKIP:
                        has_skip = True
                        break
                if run_configure is EXT_SKIP:
                    continue
    
                if getattr(mapper, "_configure_failed", False):
                    e = sa_exc.InvalidRequestError(
                        "One or more mappers failed to initialize - "
                        "can't proceed with initialization of other "
                        "mappers. Triggering mapper: '%s'. "
                        "Original exception was: %s"
                        % (mapper, mapper._configure_failed)
                    )
                    e._configure_failed = mapper._configure_failed  # type: ignore
&gt;                   raise e
E                   sqlalchemy.exc.InvalidRequestError: One or more mappers failed to initialize - can't proceed with initialization of other mappers. Triggering mapper: 'Mapper[Usuario(usuarios)]'. Original exception was: Could not determine join condition between parent/child tables on relationship Usuario.almacenes_actualizados - there are no foreign keys linking these tables.  Ensure that referencing columns are associated with a ForeignKey or ForeignKeyConstraint, or specify a 'primaryjoin' expression.

../.cache/pypoetry/virtualenvs/ges-neu-api-RMyv8SgT-py3.12/lib/python3.12/site-packages/sqlalchemy/orm/mapper.py:4255: InvalidRequestError</error></testcase><testcase classname="tests.test_auth_services.TestUserService" name="test_update_user" time="0.266"><error message="failed on setup with &quot;sqlalchemy.exc.InvalidRequestError: One or more mappers failed to initialize - can't proceed with initialization of other mappers. Triggering mapper: 'Mapper[Usuario(usuarios)]'. Original exception was: Could not determine join condition between parent/child tables on relationship Usuario.almacenes_actualizados - there are no foreign keys linking these tables.  Ensure that referencing columns are associated with a ForeignKey or ForeignKeyConstraint, or specify a 'primaryjoin' expression.&quot;">@pytest.fixture
    def test_user():
        """Crea un usuario de prueba."""
&gt;       return Usuario(
            id=uuid4(),
            username=TEST_USERNAME,
            password_hash=get_password_hash(TEST_PASSWORD),
            email=TEST_EMAIL,
            nombre_completo=f"{TEST_FIRST_NAME} {TEST_LAST_NAME}",
            activo=True,
            creado_en=datetime.utcnow(),
            actualizado_en=datetime.utcnow(),
        )

tests/test_auth_services.py:47: 
_ _ _ _ _ _ _ _ _ _ _ _ _ _ _ _ _ _ _ _ _ _ _ _ _ _ _ _ _ _ _ _ _ _ _ _ _ _ _ _ _ _ _ _ _ _ _ _ _ _ _ _ _ _ _ _ _ _ _ _ _ _ _ _ _ _ _ _ _ _ _ _ _ _ _ _ _ _ _ _ _ _ _ _ 
&lt;string&gt;:4: in __init__
    ???
../.cache/pypoetry/virtualenvs/ges-neu-api-RMyv8SgT-py3.12/lib/python3.12/site-packages/sqlalchemy/orm/state.py:566: in _initialize_instance
    manager.dispatch.init(self, args, kwargs)
../.cache/pypoetry/virtualenvs/ges-neu-api-RMyv8SgT-py3.12/lib/python3.12/site-packages/sqlalchemy/event/attr.py:497: in __call__
    fn(*args, **kw)
../.cache/pypoetry/virtualenvs/ges-neu-api-RMyv8SgT-py3.12/lib/python3.12/site-packages/sqlalchemy/orm/mapper.py:4410: in _event_on_init
    instrumenting_mapper._check_configure()
../.cache/pypoetry/virtualenvs/ges-neu-api-RMyv8SgT-py3.12/lib/python3.12/site-packages/sqlalchemy/orm/mapper.py:2401: in _check_configure
    _configure_registries({self.registry}, cascade=True)
../.cache/pypoetry/virtualenvs/ges-neu-api-RMyv8SgT-py3.12/lib/python3.12/site-packages/sqlalchemy/orm/mapper.py:4218: in _configure_registries
    _do_configure_registries(registries, cascade)
_ _ _ _ _ _ _ _ _ _ _ _ _ _ _ _ _ _ _ _ _ _ _ _ _ _ _ _ _ _ _ _ _ _ _ _ _ _ _ _ _ _ _ _ _ _ _ _ _ _ _ _ _ _ _ _ _ _ _ _ _ _ _ _ _ _ _ _ _ _ _ _ _ _ _ _ _ _ _ _ _ _ _ _ 

registries = set(), cascade = True

    @util.preload_module("sqlalchemy.orm.decl_api")
    def _do_configure_registries(
        registries: Set[_RegistryType], cascade: bool
    ) -&gt; None:
        registry = util.preloaded.orm_decl_api.registry
    
        orig = set(registries)
    
        for reg in registry._recurse_with_dependencies(registries):
            has_skip = False
    
            for mapper in reg._mappers_to_configure():
                run_configure = None
    
                for fn in mapper.dispatch.before_mapper_configured:
                    run_configure = fn(mapper, mapper.class_)
                    if run_configure is EXT_SKIP:
                        has_skip = True
                        break
                if run_configure is EXT_SKIP:
                    continue
    
                if getattr(mapper, "_configure_failed", False):
                    e = sa_exc.InvalidRequestError(
                        "One or more mappers failed to initialize - "
                        "can't proceed with initialization of other "
                        "mappers. Triggering mapper: '%s'. "
                        "Original exception was: %s"
                        % (mapper, mapper._configure_failed)
                    )
                    e._configure_failed = mapper._configure_failed  # type: ignore
&gt;                   raise e
E                   sqlalchemy.exc.InvalidRequestError: One or more mappers failed to initialize - can't proceed with initialization of other mappers. Triggering mapper: 'Mapper[Usuario(usuarios)]'. Original exception was: Could not determine join condition between parent/child tables on relationship Usuario.almacenes_actualizados - there are no foreign keys linking these tables.  Ensure that referencing columns are associated with a ForeignKey or ForeignKeyConstraint, or specify a 'primaryjoin' expression.

../.cache/pypoetry/virtualenvs/ges-neu-api-RMyv8SgT-py3.12/lib/python3.12/site-packages/sqlalchemy/orm/mapper.py:4255: InvalidRequestError</error></testcase><testcase classname="tests.test_auth_services.TestAuthIntegration" name="test_register_and_authenticate_user" time="0.015"><failure message="AttributeError: 'coroutine' object has no attribute 'first'">self = &lt;test_auth_services.TestAuthIntegration object at 0x7e6f47d755b0&gt;, mock_db_session = &lt;AsyncMock spec='AsyncSession' id='139016409241968'&gt;

    @pytest.mark.asyncio
    async def test_register_and_authenticate_user(self, mock_db_session):
        """Prueba el flujo completo de registro y autenticación de un usuario."""
        # Configurar los mocks para simular que no existe un usuario con el mismo nombre o email
        mock_db_session.execute.return_value.scalars.return_value.first.return_value = None
    
        # Crear instancias de los servicios
        user_service = UserService(mock_db_session)
        auth_service = AuthService(mock_db_session)
    
        # Datos para registrar un nuevo usuario
        user_data = UsuarioCreate(
            username="testuser",
            email="test@example.com",
            password="testpassword",
            nombre_completo="Test User"
        )
    
        # 1. Registrar un nuevo usuario
&gt;       created_user = await user_service.create_user(user_data)
                       ^^^^^^^^^^^^^^^^^^^^^^^^^^^^^^^^^^^^^^^^^

tests/test_auth_services.py:224: 
_ _ _ _ _ _ _ _ _ _ _ _ _ _ _ _ _ _ _ _ _ _ _ _ _ _ _ _ _ _ _ _ _ _ _ _ _ _ _ _ _ _ _ _ _ _ _ _ _ _ _ _ _ _ _ _ _ _ _ _ _ _ _ _ _ _ _ _ _ _ _ _ _ _ _ _ _ _ _ _ _ _ _ _ 
ges_neu_api/core/monitoring.py:79: in wrapper
    result = await func(*args, **kwargs)
             ^^^^^^^^^^^^^^^^^^^^^^^^^^^
ges_neu_api/auth/service.py:111: in create_user
    existing_user = await self._get_user_by_username_model(user_data.username)
                    ^^^^^^^^^^^^^^^^^^^^^^^^^^^^^^^^^^^^^^^^^^^^^^^^^^^^^^^^^^
_ _ _ _ _ _ _ _ _ _ _ _ _ _ _ _ _ _ _ _ _ _ _ _ _ _ _ _ _ _ _ _ _ _ _ _ _ _ _ _ _ _ _ _ _ _ _ _ _ _ _ _ _ _ _ _ _ _ _ _ _ _ _ _ _ _ _ _ _ _ _ _ _ _ _ _ _ _ _ _ _ _ _ _ 

self = &lt;ges_neu_api.auth.service.UserService object at 0x7e6f482e8110&gt;, username = 'testuser'

    async def _get_user_by_username_model(self, username: str) -&gt; Optional[Usuario]:
        result = await self.db.execute(select(Usuario).where(Usuario.username == username))
&gt;       return result.scalars().first()
               ^^^^^^^^^^^^^^^^^^^^^^
E       AttributeError: 'coroutine' object has no attribute 'first'

ges_neu_api/auth/service.py:106: AttributeError</failure></testcase><testcase classname="tests.test_auth_services.TestUserService" name="test_get_user_by_id" time="0.262"><error message="failed on setup with &quot;sqlalchemy.exc.InvalidRequestError: One or more mappers failed to initialize - can't proceed with initialization of other mappers. Triggering mapper: 'Mapper[Usuario(usuarios)]'. Original exception was: Could not determine join condition between parent/child tables on relationship Usuario.almacenes_actualizados - there are no foreign keys linking these tables.  Ensure that referencing columns are associated with a ForeignKey or ForeignKeyConstraint, or specify a 'primaryjoin' expression.&quot;">@pytest.fixture
    def test_user():
        """Crea un usuario de prueba."""
&gt;       return Usuario(
            id=uuid4(),
            username=TEST_USERNAME,
            password_hash=get_password_hash(TEST_PASSWORD),
            email=TEST_EMAIL,
            nombre_completo=f"{TEST_FIRST_NAME} {TEST_LAST_NAME}",
            activo=True,
            creado_en=datetime.utcnow(),
            actualizado_en=datetime.utcnow(),
        )

tests/test_auth_services.py:47: 
_ _ _ _ _ _ _ _ _ _ _ _ _ _ _ _ _ _ _ _ _ _ _ _ _ _ _ _ _ _ _ _ _ _ _ _ _ _ _ _ _ _ _ _ _ _ _ _ _ _ _ _ _ _ _ _ _ _ _ _ _ _ _ _ _ _ _ _ _ _ _ _ _ _ _ _ _ _ _ _ _ _ _ _ 
&lt;string&gt;:4: in __init__
    ???
../.cache/pypoetry/virtualenvs/ges-neu-api-RMyv8SgT-py3.12/lib/python3.12/site-packages/sqlalchemy/orm/state.py:566: in _initialize_instance
    manager.dispatch.init(self, args, kwargs)
../.cache/pypoetry/virtualenvs/ges-neu-api-RMyv8SgT-py3.12/lib/python3.12/site-packages/sqlalchemy/event/attr.py:497: in __call__
    fn(*args, **kw)
../.cache/pypoetry/virtualenvs/ges-neu-api-RMyv8SgT-py3.12/lib/python3.12/site-packages/sqlalchemy/orm/mapper.py:4410: in _event_on_init
    instrumenting_mapper._check_configure()
../.cache/pypoetry/virtualenvs/ges-neu-api-RMyv8SgT-py3.12/lib/python3.12/site-packages/sqlalchemy/orm/mapper.py:2401: in _check_configure
    _configure_registries({self.registry}, cascade=True)
../.cache/pypoetry/virtualenvs/ges-neu-api-RMyv8SgT-py3.12/lib/python3.12/site-packages/sqlalchemy/orm/mapper.py:4218: in _configure_registries
    _do_configure_registries(registries, cascade)
_ _ _ _ _ _ _ _ _ _ _ _ _ _ _ _ _ _ _ _ _ _ _ _ _ _ _ _ _ _ _ _ _ _ _ _ _ _ _ _ _ _ _ _ _ _ _ _ _ _ _ _ _ _ _ _ _ _ _ _ _ _ _ _ _ _ _ _ _ _ _ _ _ _ _ _ _ _ _ _ _ _ _ _ 

registries = set(), cascade = True

    @util.preload_module("sqlalchemy.orm.decl_api")
    def _do_configure_registries(
        registries: Set[_RegistryType], cascade: bool
    ) -&gt; None:
        registry = util.preloaded.orm_decl_api.registry
    
        orig = set(registries)
    
        for reg in registry._recurse_with_dependencies(registries):
            has_skip = False
    
            for mapper in reg._mappers_to_configure():
                run_configure = None
    
                for fn in mapper.dispatch.before_mapper_configured:
                    run_configure = fn(mapper, mapper.class_)
                    if run_configure is EXT_SKIP:
                        has_skip = True
                        break
                if run_configure is EXT_SKIP:
                    continue
    
                if getattr(mapper, "_configure_failed", False):
                    e = sa_exc.InvalidRequestError(
                        "One or more mappers failed to initialize - "
                        "can't proceed with initialization of other "
                        "mappers. Triggering mapper: '%s'. "
                        "Original exception was: %s"
                        % (mapper, mapper._configure_failed)
                    )
                    e._configure_failed = mapper._configure_failed  # type: ignore
&gt;                   raise e
E                   sqlalchemy.exc.InvalidRequestError: One or more mappers failed to initialize - can't proceed with initialization of other mappers. Triggering mapper: 'Mapper[Usuario(usuarios)]'. Original exception was: Could not determine join condition between parent/child tables on relationship Usuario.almacenes_actualizados - there are no foreign keys linking these tables.  Ensure that referencing columns are associated with a ForeignKey or ForeignKeyConstraint, or specify a 'primaryjoin' expression.

../.cache/pypoetry/virtualenvs/ges-neu-api-RMyv8SgT-py3.12/lib/python3.12/site-packages/sqlalchemy/orm/mapper.py:4255: InvalidRequestError</error></testcase><testcase classname="tests.test_contracts" name="test_auth_service_implements_contract" time="0.003" /><testcase classname="tests.test_vehiculos_service.TestVehiculosService" name="test_get_vehiculo_not_found" time="0.006"><failure message="TypeError: object NoneType can't be used in 'await' expression">self = &lt;test_vehiculos_service.TestVehiculosService object at 0x7a5685c74860&gt;, mock_db_session = &lt;AsyncMock spec='AsyncSession' id='134512028064976'&gt;

    @pytest.mark.asyncio
    async def test_get_vehiculo_not_found(self, mock_db_session):
        # Arrange
        mock_db_session.scalars.return_value.first.return_value = None
        servicio = service.VehiculosService(mock_db_session)
    
        # Act &amp; Assert
        with pytest.raises(NotFoundException):
&gt;           await servicio.get(uuid4())
E           TypeError: object NoneType can't be used in 'await' expression

tests/test_vehiculos_service.py:74: TypeError</failure></testcase><testcase classname="tests.test_auth_services.TestUserService" name="test_delete_user" time="0.263"><error message="failed on setup with &quot;sqlalchemy.exc.InvalidRequestError: One or more mappers failed to initialize - can't proceed with initialization of other mappers. Triggering mapper: 'Mapper[Usuario(usuarios)]'. Original exception was: Could not determine join condition between parent/child tables on relationship Usuario.almacenes_actualizados - there are no foreign keys linking these tables.  Ensure that referencing columns are associated with a ForeignKey or ForeignKeyConstraint, or specify a 'primaryjoin' expression.&quot;">@pytest.fixture
    def test_user():
        """Crea un usuario de prueba."""
&gt;       return Usuario(
            id=uuid4(),
            username=TEST_USERNAME,
            password_hash=get_password_hash(TEST_PASSWORD),
            email=TEST_EMAIL,
            nombre_completo=f"{TEST_FIRST_NAME} {TEST_LAST_NAME}",
            activo=True,
            creado_en=datetime.utcnow(),
            actualizado_en=datetime.utcnow(),
        )

tests/test_auth_services.py:47: 
_ _ _ _ _ _ _ _ _ _ _ _ _ _ _ _ _ _ _ _ _ _ _ _ _ _ _ _ _ _ _ _ _ _ _ _ _ _ _ _ _ _ _ _ _ _ _ _ _ _ _ _ _ _ _ _ _ _ _ _ _ _ _ _ _ _ _ _ _ _ _ _ _ _ _ _ _ _ _ _ _ _ _ _ 
&lt;string&gt;:4: in __init__
    ???
../.cache/pypoetry/virtualenvs/ges-neu-api-RMyv8SgT-py3.12/lib/python3.12/site-packages/sqlalchemy/orm/state.py:566: in _initialize_instance
    manager.dispatch.init(self, args, kwargs)
../.cache/pypoetry/virtualenvs/ges-neu-api-RMyv8SgT-py3.12/lib/python3.12/site-packages/sqlalchemy/event/attr.py:497: in __call__
    fn(*args, **kw)
../.cache/pypoetry/virtualenvs/ges-neu-api-RMyv8SgT-py3.12/lib/python3.12/site-packages/sqlalchemy/orm/mapper.py:4410: in _event_on_init
    instrumenting_mapper._check_configure()
../.cache/pypoetry/virtualenvs/ges-neu-api-RMyv8SgT-py3.12/lib/python3.12/site-packages/sqlalchemy/orm/mapper.py:2401: in _check_configure
    _configure_registries({self.registry}, cascade=True)
../.cache/pypoetry/virtualenvs/ges-neu-api-RMyv8SgT-py3.12/lib/python3.12/site-packages/sqlalchemy/orm/mapper.py:4218: in _configure_registries
    _do_configure_registries(registries, cascade)
_ _ _ _ _ _ _ _ _ _ _ _ _ _ _ _ _ _ _ _ _ _ _ _ _ _ _ _ _ _ _ _ _ _ _ _ _ _ _ _ _ _ _ _ _ _ _ _ _ _ _ _ _ _ _ _ _ _ _ _ _ _ _ _ _ _ _ _ _ _ _ _ _ _ _ _ _ _ _ _ _ _ _ _ 

registries = set(), cascade = True

    @util.preload_module("sqlalchemy.orm.decl_api")
    def _do_configure_registries(
        registries: Set[_RegistryType], cascade: bool
    ) -&gt; None:
        registry = util.preloaded.orm_decl_api.registry
    
        orig = set(registries)
    
        for reg in registry._recurse_with_dependencies(registries):
            has_skip = False
    
            for mapper in reg._mappers_to_configure():
                run_configure = None
    
                for fn in mapper.dispatch.before_mapper_configured:
                    run_configure = fn(mapper, mapper.class_)
                    if run_configure is EXT_SKIP:
                        has_skip = True
                        break
                if run_configure is EXT_SKIP:
                    continue
    
                if getattr(mapper, "_configure_failed", False):
                    e = sa_exc.InvalidRequestError(
                        "One or more mappers failed to initialize - "
                        "can't proceed with initialization of other "
                        "mappers. Triggering mapper: '%s'. "
                        "Original exception was: %s"
                        % (mapper, mapper._configure_failed)
                    )
                    e._configure_failed = mapper._configure_failed  # type: ignore
&gt;                   raise e
E                   sqlalchemy.exc.InvalidRequestError: One or more mappers failed to initialize - can't proceed with initialization of other mappers. Triggering mapper: 'Mapper[Usuario(usuarios)]'. Original exception was: Could not determine join condition between parent/child tables on relationship Usuario.almacenes_actualizados - there are no foreign keys linking these tables.  Ensure that referencing columns are associated with a ForeignKey or ForeignKeyConstraint, or specify a 'primaryjoin' expression.

../.cache/pypoetry/virtualenvs/ges-neu-api-RMyv8SgT-py3.12/lib/python3.12/site-packages/sqlalchemy/orm/mapper.py:4255: InvalidRequestError</error></testcase><testcase classname="tests.test_contracts" name="test_user_service_implements_contract" time="0.003" /><testcase classname="tests.test_auth_services.TestAuthService" name="test_authenticate_user_wrong_password" time="0.259"><error message="failed on setup with &quot;sqlalchemy.exc.InvalidRequestError: One or more mappers failed to initialize - can't proceed with initialization of other mappers. Triggering mapper: 'Mapper[Usuario(usuarios)]'. Original exception was: Could not determine join condition between parent/child tables on relationship Usuario.almacenes_actualizados - there are no foreign keys linking these tables.  Ensure that referencing columns are associated with a ForeignKey or ForeignKeyConstraint, or specify a 'primaryjoin' expression.&quot;">@pytest.fixture
    def test_user():
        """Crea un usuario de prueba."""
&gt;       return Usuario(
            id=uuid4(),
            username=TEST_USERNAME,
            password_hash=get_password_hash(TEST_PASSWORD),
            email=TEST_EMAIL,
            nombre_completo=f"{TEST_FIRST_NAME} {TEST_LAST_NAME}",
            activo=True,
            creado_en=datetime.utcnow(),
            actualizado_en=datetime.utcnow(),
        )

tests/test_auth_services.py:47: 
_ _ _ _ _ _ _ _ _ _ _ _ _ _ _ _ _ _ _ _ _ _ _ _ _ _ _ _ _ _ _ _ _ _ _ _ _ _ _ _ _ _ _ _ _ _ _ _ _ _ _ _ _ _ _ _ _ _ _ _ _ _ _ _ _ _ _ _ _ _ _ _ _ _ _ _ _ _ _ _ _ _ _ _ 
&lt;string&gt;:4: in __init__
    ???
../.cache/pypoetry/virtualenvs/ges-neu-api-RMyv8SgT-py3.12/lib/python3.12/site-packages/sqlalchemy/orm/state.py:566: in _initialize_instance
    manager.dispatch.init(self, args, kwargs)
../.cache/pypoetry/virtualenvs/ges-neu-api-RMyv8SgT-py3.12/lib/python3.12/site-packages/sqlalchemy/event/attr.py:497: in __call__
    fn(*args, **kw)
../.cache/pypoetry/virtualenvs/ges-neu-api-RMyv8SgT-py3.12/lib/python3.12/site-packages/sqlalchemy/orm/mapper.py:4410: in _event_on_init
    instrumenting_mapper._check_configure()
../.cache/pypoetry/virtualenvs/ges-neu-api-RMyv8SgT-py3.12/lib/python3.12/site-packages/sqlalchemy/orm/mapper.py:2401: in _check_configure
    _configure_registries({self.registry}, cascade=True)
../.cache/pypoetry/virtualenvs/ges-neu-api-RMyv8SgT-py3.12/lib/python3.12/site-packages/sqlalchemy/orm/mapper.py:4218: in _configure_registries
    _do_configure_registries(registries, cascade)
_ _ _ _ _ _ _ _ _ _ _ _ _ _ _ _ _ _ _ _ _ _ _ _ _ _ _ _ _ _ _ _ _ _ _ _ _ _ _ _ _ _ _ _ _ _ _ _ _ _ _ _ _ _ _ _ _ _ _ _ _ _ _ _ _ _ _ _ _ _ _ _ _ _ _ _ _ _ _ _ _ _ _ _ 

registries = set(), cascade = True

    @util.preload_module("sqlalchemy.orm.decl_api")
    def _do_configure_registries(
        registries: Set[_RegistryType], cascade: bool
    ) -&gt; None:
        registry = util.preloaded.orm_decl_api.registry
    
        orig = set(registries)
    
        for reg in registry._recurse_with_dependencies(registries):
            has_skip = False
    
            for mapper in reg._mappers_to_configure():
                run_configure = None
    
                for fn in mapper.dispatch.before_mapper_configured:
                    run_configure = fn(mapper, mapper.class_)
                    if run_configure is EXT_SKIP:
                        has_skip = True
                        break
                if run_configure is EXT_SKIP:
                    continue
    
                if getattr(mapper, "_configure_failed", False):
                    e = sa_exc.InvalidRequestError(
                        "One or more mappers failed to initialize - "
                        "can't proceed with initialization of other "
                        "mappers. Triggering mapper: '%s'. "
                        "Original exception was: %s"
                        % (mapper, mapper._configure_failed)
                    )
                    e._configure_failed = mapper._configure_failed  # type: ignore
&gt;                   raise e
E                   sqlalchemy.exc.InvalidRequestError: One or more mappers failed to initialize - can't proceed with initialization of other mappers. Triggering mapper: 'Mapper[Usuario(usuarios)]'. Original exception was: Could not determine join condition between parent/child tables on relationship Usuario.almacenes_actualizados - there are no foreign keys linking these tables.  Ensure that referencing columns are associated with a ForeignKey or ForeignKeyConstraint, or specify a 'primaryjoin' expression.

../.cache/pypoetry/virtualenvs/ges-neu-api-RMyv8SgT-py3.12/lib/python3.12/site-packages/sqlalchemy/orm/mapper.py:4255: InvalidRequestError</error></testcase><testcase classname="tests.test_auth_services.TestAuthService" name="test_create_access_token" time="0.002"><failure message="assert False&#10; +  where False = isinstance(&lt;coroutine object AuthService.create_access_token at 0x7bc71b83bec0&gt;, str)">self = &lt;test_auth_services.TestAuthService object at 0x7bc71afc4e00&gt;

    def test_create_access_token(self):
        """Prueba la creación de un token de acceso."""
        # Crear instancia del servicio (sin necesidad de sesión para este método)
        auth_service = AuthService(None)
    
        # Datos para el token
        token_data = {"sub": TEST_USERNAME}
    
        # Llamar al método bajo prueba
        token = auth_service.create_access_token(token_data)
    
        # Verificar que se generó un token
&gt;       assert isinstance(token, str)
E       assert False
E        +  where False = isinstance(&lt;coroutine object AuthService.create_access_token at 0x7bc71b83bec0&gt;, str)

tests/test_auth_services.py:106: AssertionError</failure></testcase><testcase classname="tests.test_vehiculos_service.TestVehiculosService" name="test_create_vehiculo_success" time="0.004"><error message="failed on setup with &quot;sqlalchemy.exc.InvalidRequestError: One or more mappers failed to initialize - can't proceed with initialization of other mappers. Triggering mapper: 'Mapper[Usuario(usuarios)]'. Original exception was: Could not determine join condition between parent/child tables on relationship Usuario.almacenes_actualizados - there are no foreign keys linking these tables.  Ensure that referencing columns are associated with a ForeignKey or ForeignKeyConstraint, or specify a 'primaryjoin' expression.&quot;">@pytest.fixture
    def test_vehiculo():
        """Create a test Vehiculos instance."""
&gt;       return models.Vehiculos(
            id=uuid4(),
            placa="ABC123",
            chasis="CHS1234567890",
            marca="Toyota",
            modelo="Corolla",
            año=2022,
            estado="DISPONIBLE",
            activo=True,
            fecha_creacion=datetime.utcnow(),
            fecha_actualizacion=datetime.utcnow()
        )

tests/test_vehiculos_service.py:34: 
_ _ _ _ _ _ _ _ _ _ _ _ _ _ _ _ _ _ _ _ _ _ _ _ _ _ _ _ _ _ _ _ _ _ _ _ _ _ _ _ _ _ _ _ _ _ _ _ _ _ _ _ _ _ _ _ _ _ _ _ _ _ _ _ _ _ _ _ _ _ _ _ _ _ _ _ _ _ _ _ _ _ _ _ 
&lt;string&gt;:4: in __init__
    ???
../.cache/pypoetry/virtualenvs/ges-neu-api-RMyv8SgT-py3.12/lib/python3.12/site-packages/sqlalchemy/orm/state.py:566: in _initialize_instance
    manager.dispatch.init(self, args, kwargs)
../.cache/pypoetry/virtualenvs/ges-neu-api-RMyv8SgT-py3.12/lib/python3.12/site-packages/sqlalchemy/event/attr.py:497: in __call__
    fn(*args, **kw)
../.cache/pypoetry/virtualenvs/ges-neu-api-RMyv8SgT-py3.12/lib/python3.12/site-packages/sqlalchemy/orm/mapper.py:4410: in _event_on_init
    instrumenting_mapper._check_configure()
../.cache/pypoetry/virtualenvs/ges-neu-api-RMyv8SgT-py3.12/lib/python3.12/site-packages/sqlalchemy/orm/mapper.py:2401: in _check_configure
    _configure_registries({self.registry}, cascade=True)
../.cache/pypoetry/virtualenvs/ges-neu-api-RMyv8SgT-py3.12/lib/python3.12/site-packages/sqlalchemy/orm/mapper.py:4218: in _configure_registries
    _do_configure_registries(registries, cascade)
_ _ _ _ _ _ _ _ _ _ _ _ _ _ _ _ _ _ _ _ _ _ _ _ _ _ _ _ _ _ _ _ _ _ _ _ _ _ _ _ _ _ _ _ _ _ _ _ _ _ _ _ _ _ _ _ _ _ _ _ _ _ _ _ _ _ _ _ _ _ _ _ _ _ _ _ _ _ _ _ _ _ _ _ 

registries = set(), cascade = True

    @util.preload_module("sqlalchemy.orm.decl_api")
    def _do_configure_registries(
        registries: Set[_RegistryType], cascade: bool
    ) -&gt; None:
        registry = util.preloaded.orm_decl_api.registry
    
        orig = set(registries)
    
        for reg in registry._recurse_with_dependencies(registries):
            has_skip = False
    
            for mapper in reg._mappers_to_configure():
                run_configure = None
    
                for fn in mapper.dispatch.before_mapper_configured:
                    run_configure = fn(mapper, mapper.class_)
                    if run_configure is EXT_SKIP:
                        has_skip = True
                        break
                if run_configure is EXT_SKIP:
                    continue
    
                if getattr(mapper, "_configure_failed", False):
                    e = sa_exc.InvalidRequestError(
                        "One or more mappers failed to initialize - "
                        "can't proceed with initialization of other "
                        "mappers. Triggering mapper: '%s'. "
                        "Original exception was: %s"
                        % (mapper, mapper._configure_failed)
                    )
                    e._configure_failed = mapper._configure_failed  # type: ignore
&gt;                   raise e
E                   sqlalchemy.exc.InvalidRequestError: One or more mappers failed to initialize - can't proceed with initialization of other mappers. Triggering mapper: 'Mapper[Usuario(usuarios)]'. Original exception was: Could not determine join condition between parent/child tables on relationship Usuario.almacenes_actualizados - there are no foreign keys linking these tables.  Ensure that referencing columns are associated with a ForeignKey or ForeignKeyConstraint, or specify a 'primaryjoin' expression.

../.cache/pypoetry/virtualenvs/ges-neu-api-RMyv8SgT-py3.12/lib/python3.12/site-packages/sqlalchemy/orm/mapper.py:4255: InvalidRequestError</error></testcase><testcase classname="tests.test_vehiculos_service.TestVehiculosService" name="test_delete_vehiculo_success" time="0.003"><error message="failed on setup with &quot;sqlalchemy.exc.InvalidRequestError: One or more mappers failed to initialize - can't proceed with initialization of other mappers. Triggering mapper: 'Mapper[Usuario(usuarios)]'. Original exception was: Could not determine join condition between parent/child tables on relationship Usuario.almacenes_actualizados - there are no foreign keys linking these tables.  Ensure that referencing columns are associated with a ForeignKey or ForeignKeyConstraint, or specify a 'primaryjoin' expression.&quot;">@pytest.fixture
    def test_vehiculo():
        """Create a test Vehiculos instance."""
&gt;       return models.Vehiculos(
            id=uuid4(),
            placa="ABC123",
            chasis="CHS1234567890",
            marca="Toyota",
            modelo="Corolla",
            año=2022,
            estado="DISPONIBLE",
            activo=True,
            fecha_creacion=datetime.utcnow(),
            fecha_actualizacion=datetime.utcnow()
        )

tests/test_vehiculos_service.py:34: 
_ _ _ _ _ _ _ _ _ _ _ _ _ _ _ _ _ _ _ _ _ _ _ _ _ _ _ _ _ _ _ _ _ _ _ _ _ _ _ _ _ _ _ _ _ _ _ _ _ _ _ _ _ _ _ _ _ _ _ _ _ _ _ _ _ _ _ _ _ _ _ _ _ _ _ _ _ _ _ _ _ _ _ _ 
&lt;string&gt;:4: in __init__
    ???
../.cache/pypoetry/virtualenvs/ges-neu-api-RMyv8SgT-py3.12/lib/python3.12/site-packages/sqlalchemy/orm/state.py:566: in _initialize_instance
    manager.dispatch.init(self, args, kwargs)
../.cache/pypoetry/virtualenvs/ges-neu-api-RMyv8SgT-py3.12/lib/python3.12/site-packages/sqlalchemy/event/attr.py:497: in __call__
    fn(*args, **kw)
../.cache/pypoetry/virtualenvs/ges-neu-api-RMyv8SgT-py3.12/lib/python3.12/site-packages/sqlalchemy/orm/mapper.py:4410: in _event_on_init
    instrumenting_mapper._check_configure()
../.cache/pypoetry/virtualenvs/ges-neu-api-RMyv8SgT-py3.12/lib/python3.12/site-packages/sqlalchemy/orm/mapper.py:2401: in _check_configure
    _configure_registries({self.registry}, cascade=True)
../.cache/pypoetry/virtualenvs/ges-neu-api-RMyv8SgT-py3.12/lib/python3.12/site-packages/sqlalchemy/orm/mapper.py:4218: in _configure_registries
    _do_configure_registries(registries, cascade)
_ _ _ _ _ _ _ _ _ _ _ _ _ _ _ _ _ _ _ _ _ _ _ _ _ _ _ _ _ _ _ _ _ _ _ _ _ _ _ _ _ _ _ _ _ _ _ _ _ _ _ _ _ _ _ _ _ _ _ _ _ _ _ _ _ _ _ _ _ _ _ _ _ _ _ _ _ _ _ _ _ _ _ _ 

registries = set(), cascade = True

    @util.preload_module("sqlalchemy.orm.decl_api")
    def _do_configure_registries(
        registries: Set[_RegistryType], cascade: bool
    ) -&gt; None:
        registry = util.preloaded.orm_decl_api.registry
    
        orig = set(registries)
    
        for reg in registry._recurse_with_dependencies(registries):
            has_skip = False
    
            for mapper in reg._mappers_to_configure():
                run_configure = None
    
                for fn in mapper.dispatch.before_mapper_configured:
                    run_configure = fn(mapper, mapper.class_)
                    if run_configure is EXT_SKIP:
                        has_skip = True
                        break
                if run_configure is EXT_SKIP:
                    continue
    
                if getattr(mapper, "_configure_failed", False):
                    e = sa_exc.InvalidRequestError(
                        "One or more mappers failed to initialize - "
                        "can't proceed with initialization of other "
                        "mappers. Triggering mapper: '%s'. "
                        "Original exception was: %s"
                        % (mapper, mapper._configure_failed)
                    )
                    e._configure_failed = mapper._configure_failed  # type: ignore
&gt;                   raise e
E                   sqlalchemy.exc.InvalidRequestError: One or more mappers failed to initialize - can't proceed with initialization of other mappers. Triggering mapper: 'Mapper[Usuario(usuarios)]'. Original exception was: Could not determine join condition between parent/child tables on relationship Usuario.almacenes_actualizados - there are no foreign keys linking these tables.  Ensure that referencing columns are associated with a ForeignKey or ForeignKeyConstraint, or specify a 'primaryjoin' expression.

../.cache/pypoetry/virtualenvs/ges-neu-api-RMyv8SgT-py3.12/lib/python3.12/site-packages/sqlalchemy/orm/mapper.py:4255: InvalidRequestError</error></testcase><testcase classname="tests.test_vehiculos_service.TestVehiculosService" name="test_get_vehiculo_found" time="0.005"><error message="failed on setup with &quot;sqlalchemy.exc.InvalidRequestError: One or more mappers failed to initialize - can't proceed with initialization of other mappers. Triggering mapper: 'Mapper[Usuario(usuarios)]'. Original exception was: Could not determine join condition between parent/child tables on relationship Usuario.almacenes_actualizados - there are no foreign keys linking these tables.  Ensure that referencing columns are associated with a ForeignKey or ForeignKeyConstraint, or specify a 'primaryjoin' expression.&quot;">@pytest.fixture
    def test_vehiculo():
        """Create a test Vehiculos instance."""
&gt;       return models.Vehiculos(
            id=uuid4(),
            placa="ABC123",
            chasis="CHS1234567890",
            marca="Toyota",
            modelo="Corolla",
            año=2022,
            estado="DISPONIBLE",
            activo=True,
            fecha_creacion=datetime.utcnow(),
            fecha_actualizacion=datetime.utcnow()
        )

tests/test_vehiculos_service.py:34: 
_ _ _ _ _ _ _ _ _ _ _ _ _ _ _ _ _ _ _ _ _ _ _ _ _ _ _ _ _ _ _ _ _ _ _ _ _ _ _ _ _ _ _ _ _ _ _ _ _ _ _ _ _ _ _ _ _ _ _ _ _ _ _ _ _ _ _ _ _ _ _ _ _ _ _ _ _ _ _ _ _ _ _ _ 
&lt;string&gt;:4: in __init__
    ???
../.cache/pypoetry/virtualenvs/ges-neu-api-RMyv8SgT-py3.12/lib/python3.12/site-packages/sqlalchemy/orm/state.py:566: in _initialize_instance
    manager.dispatch.init(self, args, kwargs)
../.cache/pypoetry/virtualenvs/ges-neu-api-RMyv8SgT-py3.12/lib/python3.12/site-packages/sqlalchemy/event/attr.py:497: in __call__
    fn(*args, **kw)
../.cache/pypoetry/virtualenvs/ges-neu-api-RMyv8SgT-py3.12/lib/python3.12/site-packages/sqlalchemy/orm/mapper.py:4410: in _event_on_init
    instrumenting_mapper._check_configure()
../.cache/pypoetry/virtualenvs/ges-neu-api-RMyv8SgT-py3.12/lib/python3.12/site-packages/sqlalchemy/orm/mapper.py:2401: in _check_configure
    _configure_registries({self.registry}, cascade=True)
../.cache/pypoetry/virtualenvs/ges-neu-api-RMyv8SgT-py3.12/lib/python3.12/site-packages/sqlalchemy/orm/mapper.py:4218: in _configure_registries
    _do_configure_registries(registries, cascade)
[...]
    def test_vehiculo():
        """Create a test Vehiculos instance."""
&gt;       return models.Vehiculos(
            id=uuid4(),
            placa="ABC123",
            chasis="CHS1234567890",
            marca="Toyota",
            modelo="Corolla",
            año=2022,
            estado="DISPONIBLE",
            activo=True,
            fecha_creacion=datetime.utcnow(),
            fecha_actualizacion=datetime.utcnow()
        )

tests/test_vehiculos_service.py:34: 
_ _ _ _ _ _ _ _ _ _ _ _ _ _ _ _ _ _ _ _ _ _ _ _ _ _ _ _ _ _ _ _ _ _ _ _ _ _ _ _ _ _ _ _ _ _ _ _ _ _ _ _ _ _ _ _ _ _ _ _ _ _ _ _ _ _ _ _ _ _ _ _ _ _ _ _ _ _ _ _ _ _ _ _ 
&lt;string&gt;:4: in __init__
    ???
../.cache/pypoetry/virtualenvs/ges-neu-api-RMyv8SgT-py3.12/lib/python3.12/site-packages/sqlalchemy/orm/state.py:566: in _initialize_instance
    manager.dispatch.init(self, args, kwargs)
../.cache/pypoetry/virtualenvs/ges-neu-api-RMyv8SgT-py3.12/lib/python3.12/site-packages/sqlalchemy/event/attr.py:497: in __call__
    fn(*args, **kw)
../.cache/pypoetry/virtualenvs/ges-neu-api-RMyv8SgT-py3.12/lib/python3.12/site-packages/sqlalchemy/orm/mapper.py:4410: in _event_on_init
    instrumenting_mapper._check_configure()
../.cache/pypoetry/virtualenvs/ges-neu-api-RMyv8SgT-py3.12/lib/python3.12/site-packages/sqlalchemy/orm/mapper.py:2401: in _check_configure
    _configure_registries({self.registry}, cascade=True)
../.cache/pypoetry/virtualenvs/ges-neu-api-RMyv8SgT-py3.12/lib/python3.12/site-packages/sqlalchemy/orm/mapper.py:4218: in _configure_registries
    _do_configure_registries(registries, cascade)
_ _ _ _ _ _ _ _ _ _ _ _ _ _ _ _ _ _ _ _ _ _ _ _ _ _ _ _ _ _ _ _ _ _ _ _ _ _ _ _ _ _ _ _ _ _ _ _ _ _ _ _ _ _ _ _ _ _ _ _ _ _ _ _ _ _ _ _ _ _ _ _ _ _ _ _ _ _ _ _ _ _ _ _ 

registries = set(), cascade = True

    @util.preload_module("sqlalchemy.orm.decl_api")
    def _do_configure_registries(
        registries: Set[_RegistryType], cascade: bool
    ) -&gt; None:
        registry = util.preloaded.orm_decl_api.registry
    
        orig = set(registries)
    
        for reg in registry._recurse_with_dependencies(registries):
            has_skip = False
    
            for mapper in reg._mappers_to_configure():
                run_configure = None
    
                for fn in mapper.dispatch.before_mapper_configured:
                    run_configure = fn(mapper, mapper.class_)
                    if run_configure is EXT_SKIP:
                        has_skip = True
                        break
                if run_configure is EXT_SKIP:
                    continue
    
                if getattr(mapper, "_configure_failed", False):
                    e = sa_exc.InvalidRequestError(
                        "One or more mappers failed to initialize - "
                        "can't proceed with initialization of other "
                        "mappers. Triggering mapper: '%s'. "
                        "Original exception was: %s"
                        % (mapper, mapper._configure_failed)
                    )
                    e._configure_failed = mapper._configure_failed  # type: ignore
&gt;                   raise e
E                   sqlalchemy.exc.InvalidRequestError: One or more mappers failed to initialize - can't proceed with initialization of other mappers. Triggering mapper: 'Mapper[Usuario(usuarios)]'. Original exception was: Could not determine join condition between parent/child tables on relationship Usuario.almacenes_actualizados - there are no foreign keys linking these tables.  Ensure that referencing columns are associated with a ForeignKey or ForeignKeyConstraint, or specify a 'primaryjoin' expression.

../.cache/pypoetry/virtualenvs/ges-neu-api-RMyv8SgT-py3.12/lib/python3.12/site-packages/sqlalchemy/orm/mapper.py:4255: InvalidRequestError</error></testcase><testcase classname="tests.vehiculos.test_service.TestVehiculoService" name="test_create_vehiculo_success" time="0.002" /><testcase classname="tests.vehiculos.test_vehiculo_service.TestVehiculoService" name="test_create_vehiculo_success" time="0.003"><failure message="Exception: Duplicate placa">self = &lt;test_vehiculo_service.TestVehiculoService object at 0x7bc71b879610&gt;

    async def test_create_vehiculo_success(self):
        # Arrange
        class VehiculoCreate:
            def __init__(self, **kwargs):
                self.__dict__.update(kwargs)
    
            def dict(self):
                return self.__dict__
    
        # Act
&gt;       result = await self.service.create(VehiculoCreate(**TEST_VEHICULO_DATA))
                 ^^^^^^^^^^^^^^^^^^^^^^^^^^^^^^^^^^^^^^^^^^^^^^^^^^^^^^^^^^^^^^^

tests/vehiculos/test_vehiculo_service.py:107: 
_ _ _ _ _ _ _ _ _ _ _ _ _ _ _ _ _ _ _ _ _ _ _ _ _ _ _ _ _ _ _ _ _ _ _ _ _ _ _ _ _ _ _ _ _ _ _ _ _ _ _ _ _ _ _ _ _ _ _ _ _ _ _ _ _ _ _ _ _ _ _ _ _ _ _ _ _ _ _ _ _ _ _ _ 

self = &lt;test_vehiculo_service.MockVehiculoService object at 0x7bc71b5e7440&gt;
vehiculo_data = &lt;test_vehiculo_service.TestVehiculoService.test_create_vehiculo_success.&lt;locals&gt;.VehiculoCreate object at 0x7bc71b5e75c0&gt;

    async def create(self, vehiculo_data):
        # Check for duplicate placa
        if any(v.placa == vehiculo_data.placa for v in self.vehiculos.values()):
&gt;           raise Exception("Duplicate placa")
E           Exception: Duplicate placa

tests/vehiculos/test_vehiculo_service.py:32: Exception</failure></testcase><testcase classname="tests.test_vehiculos_service.TestVehiculosService" name="test_create_vehiculo_duplicate_placa" time="0.004"><error message="failed on setup with &quot;sqlalchemy.exc.InvalidRequestError: One or more mappers failed to initialize - can't proceed with initialization of other mappers. Triggering mapper: 'Mapper[Usuario(usuarios)]'. Original exception was: Could not determine join condition between parent/child tables on relationship Usuario.almacenes_actualizados - there are no foreign keys linking these tables.  Ensure that referencing columns are associated with a ForeignKey or ForeignKeyConstraint, or specify a 'primaryjoin' expression.&quot;">@pytest.fixture
    def test_vehiculo():
        """Create a test Vehiculos instance."""
&gt;       return models.Vehiculos(
            id=uuid4(),
            placa="ABC123",
            chasis="CHS1234567890",
            marca="Toyota",
            modelo="Corolla",
            año=2022,
            estado="DISPONIBLE",
            activo=True,
            fecha_creacion=datetime.utcnow(),
            fecha_actualizacion=datetime.utcnow()
        )

tests/test_vehiculos_service.py:34: 
_ _ _ _ _ _ _ _ _ _ _ _ _ _ _ _ _ _ _ _ _ _ _ _ _ _ _ _ _ _ _ _ _ _ _ _ _ _ _ _ _ _ _ _ _ _ _ _ _ _ _ _ _ _ _ _ _ _ _ _ _ _ _ _ _ _ _ _ _ _ _ _ _ _ _ _ _ _ _ _ _ _ _ _ 
&lt;string&gt;:4: in __init__
    ???
../.cache/pypoetry/virtualenvs/ges-neu-api-RMyv8SgT-py3.12/lib/python3.12/site-packages/sqlalchemy/orm/state.py:566: in _initialize_instance
    manager.dispatch.init(self, args, kwargs)
../.cache/pypoetry/virtualenvs/ges-neu-api-RMyv8SgT-py3.12/lib/python3.12/site-packages/sqlalchemy/event/attr.py:497: in __call__
    fn(*args, **kw)
../.cache/pypoetry/virtualenvs/ges-neu-api-RMyv8SgT-py3.12/lib/python3.12/site-packages/sqlalchemy/orm/mapper.py:4410: in _event_on_init
    instrumenting_mapper._check_configure()
../.cache/pypoetry/virtualenvs/ges-neu-api-RMyv8SgT-py3.12/lib/python3.12/site-packages/sqlalchemy/orm/mapper.py:2401: in _check_configure
    _configure_registries({self.registry}, cascade=True)
../.cache/pypoetry/virtualenvs/ges-neu-api-RMyv8SgT-py3.12/lib/python3.12/site-packages/sqlalchemy/orm/mapper.py:4218: in _configure_registries
    _do_configure_registries(registries, cascade)
_ _ _ _ _ _ _ _ _ _ _ _ _ _ _ _ _ _ _ _ _ _ _ _ _ _ _ _ _ _ _ _ _ _ _ _ _ _ _ _ _ _ _ _ _ _ _ _ _ _ _ _ _ _ _ _ _ _ _ _ _ _ _ _ _ _ _ _ _ _ _ _ _ _ _ _ _ _ _ _ _ _ _ _ 

registries = set(), cascade = True

    @util.preload_module("sqlalchemy.orm.decl_api")
    def _do_configure_registries(
        registries: Set[_RegistryType], cascade: bool
    ) -&gt; None:
        registry = util.preloaded.orm_decl_api.registry
    
        orig = set(registries)
    
        for reg in registry._recurse_with_dependencies(registries):
            has_skip = False
    
            for mapper in reg._mappers_to_configure():
                run_configure = None
    
                for fn in mapper.dispatch.before_mapper_configured:
                    run_configure = fn(mapper, mapper.class_)
                    if run_configure is EXT_SKIP:
                        has_skip = True
                        break
                if run_configure is EXT_SKIP:
                    continue
    
                if getattr(mapper, "_configure_failed", False):
                    e = sa_exc.InvalidRequestError(
                        "One or more mappers failed to initialize - "
                        "can't proceed with initialization of other "
                        "mappers. Triggering mapper: '%s'. "
                        "Original exception was: %s"
                        % (mapper, mapper._configure_failed)
                    )
                    e._configure_failed = mapper._configure_failed  # type: ignore
&gt;                   raise e
E                   sqlalchemy.exc.InvalidRequestError: One or more mappers failed to initialize - can't proceed with initialization of other mappers. Triggering mapper: 'Mapper[Usuario(usuarios)]'. Original exception was: Could not determine join condition between parent/child tables on relationship Usuario.almacenes_actualizados - there are no foreign keys linking these tables.  Ensure that referencing columns are associated with a ForeignKey or ForeignKeyConstraint, or specify a 'primaryjoin' expression.

../.cache/pypoetry/virtualenvs/ges-neu-api-RMyv8SgT-py3.12/lib/python3.12/site-packages/sqlalchemy/orm/mapper.py:4255: InvalidRequestError</error></testcase><testcase classname="tests.test_vehiculos_service.TestVehiculosService" name="test_get_by_placa_found" time="0.004"><error message="failed on setup with &quot;sqlalchemy.exc.InvalidRequestError: One or more mappers failed to initialize - can't proceed with initialization of other mappers. Triggering mapper: 'Mapper[Usuario(usuarios)]'. Original exception was: Could not determine join condition between parent/child tables on relationship Usuario.almacenes_actualizados - there are no foreign keys linking these tables.  Ensure that referencing columns are associated with a ForeignKey or ForeignKeyConstraint, or specify a 'primaryjoin' expression.&quot;">@pytest.fixture
    def test_vehiculo():
        """Create a test Vehiculos instance."""
&gt;       return models.Vehiculos(
            id=uuid4(),
            placa="ABC123",
            chasis="CHS1234567890",
            marca="Toyota",
            modelo="Corolla",
            año=2022,
            estado="DISPONIBLE",
            activo=True,
            fecha_creacion=datetime.utcnow(),
            fecha_actualizacion=datetime.utcnow()
        )

tests/test_vehiculos_service.py:34: 
_ _ _ _ _ _ _ _ _ _ _ _ _ _ _ _ _ _ _ _ _ _ _ _ _ _ _ _ _ _ _ _ _ _ _ _ _ _ _ _ _ _ _ _ _ _ _ _ _ _ _ _ _ _ _ _ _ _ _ _ _ _ _ _ _ _ _ _ _ _ _ _ _ _ _ _ _ _ _ _ _ _ _ _ 
&lt;string&gt;:4: in __init__
    ???
../.cache/pypoetry/virtualenvs/ges-neu-api-RMyv8SgT-py3.12/lib/python3.12/site-packages/sqlalchemy/orm/state.py:566: in _initialize_instance
    manager.dispatch.init(self, args, kwargs)
../.cache/pypoetry/virtualenvs/ges-neu-api-RMyv8SgT-py3.12/lib/python3.12/site-packages/sqlalchemy/event/attr.py:497: in __call__
    fn(*args, **kw)
../.cache/pypoetry/virtualenvs/ges-neu-api-RMyv8SgT-py3.12/lib/python3.12/site-packages/sqlalchemy/orm/mapper.py:4410: in _event_on_init
    instrumenting_mapper._check_configure()
../.cache/pypoetry/virtualenvs/ges-neu-api-RMyv8SgT-py3.12/lib/python3.12/site-packages/sqlalchemy/orm/mapper.py:2401: in _check_configure
    _configure_registries({self.registry}, cascade=True)
../.cache/pypoetry/virtualenvs/ges-neu-api-RMyv8SgT-py3.12/lib/python3.12/site-packages/sqlalchemy/orm/mapper.py:4218: in _configure_registries
    _do_configure_registries(registries, cascade)
_ _ _ _ _ _ _ _ _ _ _ _ _ _ _ _ _ _ _ _ _ _ _ _ _ _ _ _ _ _ _ _ _ _ _ _ _ _ _ _ _ _ _ _ _ _ _ _ _ _ _ _ _ _ _ _ _ _ _ _ _ _ _ _ _ _ _ _ _ _ _ _ _ _ _ _ _ _ _ _ _ _ _ _ 

registries = set(), cascade = True

    @util.preload_module("sqlalchemy.orm.decl_api")
    def _do_configure_registries(
        registries: Set[_RegistryType], cascade: bool
    ) -&gt; None:
        registry = util.preloaded.orm_decl_api.registry
    
        orig = set(registries)
    
        for reg in registry._recurse_with_dependencies(registries):
            has_skip = False
    
            for mapper in reg._mappers_to_configure():
                run_configure = None
    
                for fn in mapper.dispatch.before_mapper_configured:
                    run_configure = fn(mapper, mapper.class_)
                    if run_configure is EXT_SKIP:
                        has_skip = True
                        break
                if run_configure is EXT_SKIP:
                    continue
    
                if getattr(mapper, "_configure_failed", False):
                    e = sa_exc.InvalidRequestError(
                        "One or more mappers failed to initialize - "
                        "can't proceed with initialization of other "
                        "mappers. Triggering mapper: '%s'. "
                        "Original exception was: %s"
                        % (mapper, mapper._configure_failed)
                    )
                    e._configure_failed = mapper._configure_failed  # type: ignore
&gt;                   raise e
E                   sqlalchemy.exc.InvalidRequestError: One or more mappers failed to initialize - can't proceed with initialization of other mappers. Triggering mapper: 'Mapper[Usuario(usuarios)]'. Original exception was: Could not determine join condition between parent/child tables on relationship Usuario.almacenes_actualizados - there are no foreign keys linking these tables.  Ensure that referencing columns are associated with a ForeignKey or ForeignKeyConstraint, or specify a 'primaryjoin' expression.

../.cache/pypoetry/virtualenvs/ges-neu-api-RMyv8SgT-py3.12/lib/python3.12/site-packages/sqlalchemy/orm/mapper.py:4255: InvalidRequestError</error></testcase><testcase classname="tests.vehiculos.test_service.TestVehiculoService" name="test_get_vehiculo_found" time="0.003" /><testcase classname="tests.vehiculos.test_service.TestVehiculoService" name="test_update_vehiculo_success" time="0.002" /><testcase classname="tests.test_vehiculos_service.TestVehiculosService" name="test_update_vehiculo_success" time="0.003"><error message="failed on setup with &quot;sqlalchemy.exc.InvalidRequestError: One or more mappers failed to initialize - can't proceed with initialization of other mappers. Triggering mapper: 'Mapper[Usuario(usuarios)]'. Original exception was: Could not determine join condition between parent/child tables on relationship Usuario.almacenes_actualizados - there are no foreign keys linking these tables.  Ensure that referencing columns are associated with a ForeignKey or ForeignKeyConstraint, or specify a 'primaryjoin' expression.&quot;">@pytest.fixture
    def test_vehiculo():
        """Create a test Vehiculos instance."""
&gt;       return models.Vehiculos(
            id=uuid4(),
            placa="ABC123",
            chasis="CHS1234567890",
            marca="Toyota",
            modelo="Corolla",
            año=2022,
            estado="DISPONIBLE",
            activo=True,
            fecha_creacion=datetime.utcnow(),
            fecha_actualizacion=datetime.utcnow()
        )

tests/test_vehiculos_service.py:34: 
_ _ _ _ _ _ _ _ _ _ _ _ _ _ _ _ _ _ _ _ _ _ _ _ _ _ _ _ _ _ _ _ _ _ _ _ _ _ _ _ _ _ _ _ _ _ _ _ _ _ _ _ _ _ _ _ _ _ _ _ _ _ _ _ _ _ _ _ _ _ _ _ _ _ _ _ _ _ _ _ _ _ _ _ 
&lt;string&gt;:4: in __init__
    ???
../.cache/pypoetry/virtualenvs/ges-neu-api-RMyv8SgT-py3.12/lib/python3.12/site-packages/sqlalchemy/orm/state.py:566: in _initialize_instance
    manager.dispatch.init(self, args, kwargs)
../.cache/pypoetry/virtualenvs/ges-neu-api-RMyv8SgT-py3.12/lib/python3.12/site-packages/sqlalchemy/event/attr.py:497: in __call__
    fn(*args, **kw)
../.cache/pypoetry/virtualenvs/ges-neu-api-RMyv8SgT-py3.12/lib/python3.12/site-packages/sqlalchemy/orm/mapper.py:4410: in _event_on_init
    instrumenting_mapper._check_configure()
../.cache/pypoetry/virtualenvs/ges-neu-api-RMyv8SgT-py3.12/lib/python3.12/site-packages/sqlalchemy/orm/mapper.py:2401: in _check_configure
    _configure_registries({self.registry}, cascade=True)
../.cache/pypoetry/virtualenvs/ges-neu-api-RMyv8SgT-py3.12/lib/python3.12/site-packages/sqlalchemy/orm/mapper.py:4218: in _configure_registries
    _do_configure_registries(registries, cascade)
_ _ _ _ _ _ _ _ _ _ _ _ _ _ _ _ _ _ _ _ _ _ _ _ _ _ _ _ _ _ _ _ _ _ _ _ _ _ _ _ _ _ _ _ _ _ _ _ _ _ _ _ _ _ _ _ _ _ _ _ _ _ _ _ _ _ _ _ _ _ _ _ _ _ _ _ _ _ _ _ _ _ _ _ 

registries = set(), cascade = True

    @util.preload_module("sqlalchemy.orm.decl_api")
    def _do_configure_registries(
        registries: Set[_RegistryType], cascade: bool
    ) -&gt; None:
        registry = util.preloaded.orm_decl_api.registry
    
        orig = set(registries)
    
        for reg in registry._recurse_with_dependencies(registries):
            has_skip = False
    
            for mapper in reg._mappers_to_configure():
                run_configure = None
    
                for fn in mapper.dispatch.before_mapper_configured:
                    run_configure = fn(mapper, mapper.class_)
                    if run_configure is EXT_SKIP:
                        has_skip = True
                        break
                if run_configure is EXT_SKIP:
                    continue
    
                if getattr(mapper, "_configure_failed", False):
                    e = sa_exc.InvalidRequestError(
                        "One or more mappers failed to initialize - "
                        "can't proceed with initialization of other "
                        "mappers. Triggering mapper: '%s'. "
                        "Original exception was: %s"
                        % (mapper, mapper._configure_failed)
                    )
                    e._configure_failed = mapper._configure_failed  # type: ignore
&gt;                   raise e
E                   sqlalchemy.exc.InvalidRequestError: One or more mappers failed to initialize - can't proceed with initialization of other mappers. Triggering mapper: 'Mapper[Usuario(usuarios)]'. Original exception was: Could not determine join condition between parent/child tables on relationship Usuario.almacenes_actualizados - there are no foreign keys linking these tables.  Ensure that referencing columns are associated with a ForeignKey or ForeignKeyConstraint, or specify a 'primaryjoin' expression.

../.cache/pypoetry/virtualenvs/ges-neu-api-RMyv8SgT-py3.12/lib/python3.12/site-packages/sqlalchemy/orm/mapper.py:4255: InvalidRequestError</error></testcase><testcase classname="tests.vehiculos.test_vehiculo_service.TestVehiculoService" name="test_get_vehiculo_success" time="0.003" /><testcase classname="tests.vehiculos.test_vehiculo_service.TestVehiculoService" name="test_update_vehiculo_success" time="0.002" /><testcase classname="tests.vehiculos.test_service.TestVehiculoService" name="test_delete_vehiculo_success" time="0.181" /><testcase classname="tests.vehiculos.test_vehiculo_service.TestVehiculoService" name="test_delete_vehiculo_success" time="0.246" /><testcase classname="tests.vehiculos.test_vehiculo_service.TestVehiculoService" name="test_get_vehiculo_not_found" time="0.363" /><testcase classname="tests.vehiculos.test_vehiculo_service.TestVehiculoService" name="test_update_vehiculo_not_found" time="0.290" /></testsuite></testsuites>